[35m[Appium][39m Welcome to Appium v2.5.1
[35m[Appium][39m Non-default server args:
[35m[Appium][39m { basePath: [32m'/wd/hub'[39m, loglevel: [32m'info'[39m, port: [33m52931[39m }
[35m[Appium][39m Attempting to load driver xcuitest...
[35m[Appium][39m Attempting to load driver uiautomator2...
[Appium] Appium REST http interface listener started on http://0.0.0.0:52931/wd/hub
[Appium] You can provide the following URLs in your client code to connect to this server:
[Appium] 	http://127.0.0.1:52931/wd/hub (only accessible from the same host)
[Appium] 	http://192.168.1.5:52931/wd/hub
[Appium] Available drivers:
[Appium]   - xcuitest@7.3.0 (automationName 'XCUITest')
[Appium]   - uiautomator2@3.0.2 (automationName 'UiAutomator2')
[Appium] No plugins have been installed. Use the "appium plugin" command to install the one(s) you want to use.
[38;5;0m[HTTP][0m [37m-->[39m [37mGET[39m [37m/wd/hub/status[39m
[38;5;0m[HTTP][0m {}
[38;5;0m[HTTP][0m <-- GET /wd/hub/status 200 5 ms - 110
[38;5;0m[HTTP][0m 
[38;5;0m[HTTP][0m [37m-->[39m [37mGET[39m [37m/wd/hub/status[39m
[38;5;0m[HTTP][0m {}
[38;5;0m[HTTP][0m <-- GET /wd/hub/status 200 1 ms - 110
[38;5;0m[HTTP][0m 
[38;5;0m[HTTP][0m [37m-->[39m [37mPOST[39m [37m/wd/hub/session[39m
[38;5;0m[HTTP][0m {"desiredCapabilities":{"appium:waitForAppScript":"true;","appium:newCommandTimeout":1800,"appium:wdaLocalPort":52943,"appium:platformName":"iOS","appium:bundleId":"com.apple.Health","appium:deviceName":"iPhone 11","platformName":"iOS","appium:automationName":"XCUITest","appium:platformVersion":"17.2"},"capabilities":{"firstMatch":[{"appium:automationName":"XCUITest","appium:bundleId":"com.apple.Health","appium:deviceName":"iPhone 11","appium:newCommandTimeout":1800,"appium:platformName":"iOS","appium:platformVersion":"17.2","appium:waitForAppScript":"true;","appium:wdaLocalPort":52943,"platformName":"ios"}]}}
[38;5;32m[BaseDriver][0m Ignoring capability 'appium:platformName=iOS' and using capability 'platformName=ios'
[38;5;32m[BaseDriver][0m The capabilities ["platformName"] are standard capabilities and do not require "appium:" prefix
[Appium] Attempting to find matching driver for automationName 'XCUITest' and platformName 'ios'
[Appium] The 'xcuitest' driver was installed and matched caps.
[Appium] Will require it at /Users/pravinr/.appium/node_modules/appium-xcuitest-driver
[38;5;16m[AppiumDriver@6022][0m Appium v2.5.1 creating new XCUITestDriver (v7.3.0) session
[38;5;16m[AppiumDriver@6022][0m Checking BaseDriver versions for Appium and XCUITestDriver
[38;5;16m[AppiumDriver@6022][0m Appium's BaseDriver version is 9.5.2
[38;5;16m[AppiumDriver@6022][0m XCUITestDriver's BaseDriver version is 9.5.2
[38;5;48m[XCUITestDriver@4f19][0m The following provided capabilities were not recognized by this driver:
[38;5;48m[XCUITestDriver@4f19][0m   waitForAppScript
[38;5;48m[XCUITestDriver@4f19 (b64edc2b)][0m Session created with session id: b64edc2b-dbe6-4544-868f-9d3e05a8c56c
[38;5;48m[XCUITestDriver@4f19 (b64edc2b)][0m No real device udid has been provided in capabilities. Will select a matching simulator to run the test.
[38;5;48m[XCUITestDriver@4f19 (b64edc2b)][0m iOS SDK Version set to '17.4'
[38;5;80m[iOSSim][0m Constructing iOS simulator for Xcode version 15.3 with udid 'E8D2611E-6DAC-4E9B-AE5C-EC4B4896B9C4'
[38;5;48m[XCUITestDriver@4f19 (b64edc2b)][0m Determining device to run tests on: udid: 'E8D2611E-6DAC-4E9B-AE5C-EC4B4896B9C4', real device: false
[38;5;64m[XCUITest][0m Reset: failed to terminate Simulator application with id "com.apple.Health"
[38;5;64m[XCUITest][0m Error running 'get_app_container': An error was encountered processing the command (domain=com.apple.CoreSimulator.SimError, code=405):
[38;5;64m[XCUITest][0m Unable to lookup in current state: Shutdown
[38;5;64m[XCUITest][0m Reset: could not scrub application with id "com.apple.Health". Leaving as is.
[38;5;48m[XCUITestDriver@4f19 (b64edc2b)][0m Using WDA path: '/Users/pravinr/.appium/node_modules/appium-xcuitest-driver/node_modules/appium-webdriveragent'
[38;5;48m[XCUITestDriver@4f19 (b64edc2b)][0m Using WDA agent: '/Users/pravinr/.appium/node_modules/appium-xcuitest-driver/node_modules/appium-webdriveragent/WebDriverAgent.xcodeproj'
[38;5;64m[XCUITest][0m Continuing without capturing device logs: iOS Simulator with udid 'E8D2611E-6DAC-4E9B-AE5C-EC4B4896B9C4' is not running
[38;5;48m[XCUITestDriver@4f19 (b64edc2b)][0m Setting up simulator
[38;5;80m[iOSSim][0m Starting Simulator UI: open -Fn /Applications/Xcode.app/Contents/Developer/Applications/Simulator.app
[38;5;80m[iOSSim][0m Simulator with UDID E8D2611E-6DAC-4E9B-AE5C-EC4B4896B9C4 booted in 5.166s
[38;5;128m[DevCon Factory][0m Requesting connection for device E8D2611E-6DAC-4E9B-AE5C-EC4B4896B9C4 on local port 52943
[38;5;128m[DevCon Factory][0m Successfully requested the connection for E8D2611E-6DAC-4E9B-AE5C-EC4B4896B9C4:52943
[38;5;144m[WD Proxy][0m connect ECONNREFUSED 127.0.0.1:52943
[38;5;48m[XCUITestDriver@4f19 (b64edc2b)][0m Launching WebDriverAgent on the device
[38;5;48m[XCUITestDriver@4f19 (b64edc2b)][0m There is no need to perform the project cleanup. A fresh install has been detected
[38;5;48m[XCUITestDriver@4f19 (b64edc2b)][0m connect ECONNREFUSED 127.0.0.1:52943
[38;5;48m[XCUITestDriver@4f19 (b64edc2b)][0m connect ECONNREFUSED 127.0.0.1:52943
[38;5;48m[XCUITestDriver@4f19 (b64edc2b)][0m connect ECONNREFUSED 127.0.0.1:52943
[38;5;48m[XCUITestDriver@4f19 (b64edc2b)][0m connect ECONNREFUSED 127.0.0.1:52943
[38;5;48m[XCUITestDriver@4f19 (b64edc2b)][0m connect ECONNREFUSED 127.0.0.1:52943
[38;5;48m[XCUITestDriver@4f19 (b64edc2b)][0m connect ECONNREFUSED 127.0.0.1:52943
[38;5;48m[XCUITestDriver@4f19 (b64edc2b)][0m connect ECONNREFUSED 127.0.0.1:52943
[38;5;48m[XCUITestDriver@4f19 (b64edc2b)][0m connect ECONNREFUSED 127.0.0.1:52943
[38;5;48m[XCUITestDriver@4f19 (b64edc2b)][0m connect ECONNREFUSED 127.0.0.1:52943
[38;5;48m[XCUITestDriver@4f19 (b64edc2b)][0m connect ECONNREFUSED 127.0.0.1:52943
[38;5;48m[XCUITestDriver@4f19 (b64edc2b)][0m connect ECONNREFUSED 127.0.0.1:52943
[38;5;48m[XCUITestDriver@4f19 (b64edc2b)][0m connect ECONNREFUSED 127.0.0.1:52943
[38;5;48m[XCUITestDriver@4f19 (b64edc2b)][0m connect ECONNREFUSED 127.0.0.1:52943
[38;5;48m[XCUITestDriver@4f19 (b64edc2b)][0m connect ECONNREFUSED 127.0.0.1:52943
[38;5;48m[XCUITestDriver@4f19 (b64edc2b)][0m connect ECONNREFUSED 127.0.0.1:52943
[38;5;48m[XCUITestDriver@4f19 (b64edc2b)][0m Determined the downstream protocol as 'W3C'
[38;5;48m[XCUITestDriver@4f19 (b64edc2b)][0m WDA session startup took 2084ms
[38;5;16m[AppiumDriver@6022][0m New XCUITestDriver session created successfully, session b64edc2b-dbe6-4544-868f-9d3e05a8c56c added to master session list
[38;5;0m[HTTP][0m <-- POST /wd/hub/session 200 23850 ms - 523
[38;5;0m[HTTP][0m 
[38;5;0m[HTTP][0m [37m-->[39m [37mGET[39m [37m/wd/hub/session/b64edc2b-dbe6-4544-868f-9d3e05a8c56c[39m
[38;5;0m[HTTP][0m {}
[38;5;0m[HTTP][0m <-- GET /wd/hub/session/b64edc2b-dbe6-4544-868f-9d3e05a8c56c 200 2 ms - 213
[38;5;0m[HTTP][0m 
[38;5;0m[HTTP][0m [37m-->[39m [37mGET[39m [37m/wd/hub/session/b64edc2b-dbe6-4544-868f-9d3e05a8c56c[39m
[38;5;0m[HTTP][0m {}
[38;5;0m[HTTP][0m <-- GET /wd/hub/session/b64edc2b-dbe6-4544-868f-9d3e05a8c56c 200 1 ms - 213
[38;5;0m[HTTP][0m 
[38;5;0m[HTTP][0m [37m-->[39m [37mGET[39m [37m/wd/hub/status[39m
[38;5;0m[HTTP][0m {}
[38;5;0m[HTTP][0m <-- GET /wd/hub/status 200 1 ms - 110
[38;5;0m[HTTP][0m 
[38;5;0m[HTTP][0m [37m-->[39m [37mPOST[39m [37m/wd/hub/session/b64edc2b-dbe6-4544-868f-9d3e05a8c56c/timeouts[39m
[38;5;0m[HTTP][0m {"implicit":60000}
[38;5;0m[HTTP][0m <-- POST /wd/hub/session/b64edc2b-dbe6-4544-868f-9d3e05a8c56c/timeouts 200 2 ms - 14
[38;5;0m[HTTP][0m 
[38;5;0m[HTTP][0m [37m-->[39m [37mPOST[39m [37m/wd/hub/session/b64edc2b-dbe6-4544-868f-9d3e05a8c56c/execute/sync[39m
[38;5;0m[HTTP][0m {"script":"mobile: deviceScreenInfo","args":[]}
[38;5;0m[HTTP][0m <-- POST /wd/hub/session/b64edc2b-dbe6-4544-868f-9d3e05a8c56c/execute/sync 200 124 ms - 63
[38;5;0m[HTTP][0m 
[38;5;0m[HTTP][0m [37m-->[39m [37mPOST[39m [37m/wd/hub/session/b64edc2b-dbe6-4544-868f-9d3e05a8c56c/execute/sync[39m
[38;5;0m[HTTP][0m {"script":"mobile: deviceScreenInfo","args":[]}
[38;5;0m[HTTP][0m <-- POST /wd/hub/session/b64edc2b-dbe6-4544-868f-9d3e05a8c56c/execute/sync 200 4 ms - 63
[38;5;0m[HTTP][0m 
[38;5;0m[HTTP][0m [37m-->[39m [37mPOST[39m [37m/wd/hub/session/b64edc2b-dbe6-4544-868f-9d3e05a8c56c/appium/device/activate_app[39m
[38;5;0m[HTTP][0m {"bundleId":"com.apple.Health"}
[38;5;0m[HTTP][0m <-- POST /wd/hub/session/b64edc2b-dbe6-4544-868f-9d3e05a8c56c/appium/device/activate_app 200 30 ms - 14
[38;5;0m[HTTP][0m 
[38;5;0m[HTTP][0m [37m-->[39m [37mPOST[39m [37m/wd/hub/session/b64edc2b-dbe6-4544-868f-9d3e05a8c56c/execute/sync[39m
[38;5;0m[HTTP][0m {"script":"mobile: source","args":[{"format":"xml","excludedAttributes":"visible"}]}
[38;5;0m[HTTP][0m <-- POST /wd/hub/session/b64edc2b-dbe6-4544-868f-9d3e05a8c56c/execute/sync 200 1124 ms - 28298
[38;5;0m[HTTP][0m 
[38;5;0m[HTTP][0m [37m-->[39m [37mGET[39m [37m/wd/hub/session/b64edc2b-dbe6-4544-868f-9d3e05a8c56c/screenshot[39m
[38;5;0m[HTTP][0m {}
[38;5;0m[HTTP][0m <-- GET /wd/hub/session/b64edc2b-dbe6-4544-868f-9d3e05a8c56c/screenshot 200 65 ms - 151868
[38;5;0m[HTTP][0m 
[38;5;0m[HTTP][0m [37m-->[39m [37mPOST[39m [37m/wd/hub/session/b64edc2b-dbe6-4544-868f-9d3e05a8c56c/element[39m
[38;5;0m[HTTP][0m {"using":"xpath","value":"//*[@type = 'XCUIElementTypeStaticText' and @label = 'Continue' and @name = 'Continue' and @value = 'Continue']"}
[38;5;0m[HTTP][0m <-- POST /wd/hub/session/b64edc2b-dbe6-4544-868f-9d3e05a8c56c/element 200 357 ms - 137
[38;5;0m[HTTP][0m 
[38;5;0m[HTTP][0m [37m-->[39m [37mGET[39m [37m/wd/hub/session/b64edc2b-dbe6-4544-868f-9d3e05a8c56c/window/rect[39m
[38;5;0m[HTTP][0m {}
[38;5;0m[HTTP][0m <-- GET /wd/hub/session/b64edc2b-dbe6-4544-868f-9d3e05a8c56c/window/rect 200 28 ms - 48
[38;5;0m[HTTP][0m 
[38;5;0m[HTTP][0m [37m-->[39m [37mPOST[39m [37m/wd/hub/session/b64edc2b-dbe6-4544-868f-9d3e05a8c56c/elements[39m
[38;5;0m[HTTP][0m {"using":"xpath","value":"//*[@type = 'XCUIElementTypeStaticText' and @label = 'Continue' and @name = 'Continue' and @value = 'Continue']"}
[38;5;0m[HTTP][0m <-- POST /wd/hub/session/b64edc2b-dbe6-4544-868f-9d3e05a8c56c/elements 200 346 ms - 139
[38;5;0m[HTTP][0m 
[38;5;0m[HTTP][0m [37m-->[39m [37mGET[39m [37m/wd/hub/session/b64edc2b-dbe6-4544-868f-9d3e05a8c56c/element/47000000-0000-0000-BA2C-000000000000/location[39m
[38;5;0m[HTTP][0m {}
[38;5;0m[HTTP][0m <-- GET /wd/hub/session/b64edc2b-dbe6-4544-868f-9d3e05a8c56c/element/47000000-0000-0000-BA2C-000000000000/location 200 28 ms - 27
[38;5;0m[HTTP][0m 
[38;5;0m[HTTP][0m [37m-->[39m [37mPOST[39m [37m/wd/hub/session/b64edc2b-dbe6-4544-868f-9d3e05a8c56c/element/47000000-0000-0000-BA2C-000000000000/click[39m
[38;5;0m[HTTP][0m {"id":"47000000-0000-0000-BA2C-000000000000"}
[38;5;48m[XCUITestDriver@4f19 (b64edc2b)][0m Driver proxy active, passing request on via HTTP proxy
[38;5;48m[XCUITestDriver@4f19 (b64edc2b)][0m Replacing sessionId D58E350F-9940-4791-A1F1-8E02BFBD7FB1 with b64edc2b-dbe6-4544-868f-9d3e05a8c56c
[38;5;0m[HTTP][0m <-- POST /wd/hub/session/b64edc2b-dbe6-4544-868f-9d3e05a8c56c/element/47000000-0000-0000-BA2C-000000000000/click 200 838 ms - 65
[38;5;0m[HTTP][0m 
[38;5;0m[HTTP][0m [37m-->[39m [37mPOST[39m [37m/wd/hub/session/b64edc2b-dbe6-4544-868f-9d3e05a8c56c/execute/sync[39m
[38;5;0m[HTTP][0m {"script":"mobile: source","args":[{"format":"xml","excludedAttributes":"visible"}]}
[38;5;0m[HTTP][0m <-- POST /wd/hub/session/b64edc2b-dbe6-4544-868f-9d3e05a8c56c/execute/sync 200 825 ms - 29929
[38;5;0m[HTTP][0m 
[38;5;0m[HTTP][0m [37m-->[39m [37mGET[39m [37m/wd/hub/session/b64edc2b-dbe6-4544-868f-9d3e05a8c56c/screenshot[39m
[38;5;0m[HTTP][0m {}
[38;5;0m[HTTP][0m <-- GET /wd/hub/session/b64edc2b-dbe6-4544-868f-9d3e05a8c56c/screenshot 200 43 ms - 149392
[38;5;0m[HTTP][0m 
[38;5;0m[HTTP][0m [37m-->[39m [37mGET[39m [37m/wd/hub/session/b64edc2b-dbe6-4544-868f-9d3e05a8c56c/window/rect[39m
[38;5;0m[HTTP][0m {}
[38;5;0m[HTTP][0m <-- GET /wd/hub/session/b64edc2b-dbe6-4544-868f-9d3e05a8c56c/window/rect 200 44 ms - 48
[38;5;0m[HTTP][0m 
[38;5;0m[HTTP][0m [37m-->[39m [37mPOST[39m [37m/wd/hub/session/b64edc2b-dbe6-4544-868f-9d3e05a8c56c/elements[39m
[38;5;0m[HTTP][0m {"using":"xpath","value":"//*[@type = 'XCUIElementTypeStaticText' and @label = 'Continue' and @name = 'Continue' and @value = 'Continue']"}
[38;5;0m[HTTP][0m <-- POST /wd/hub/session/b64edc2b-dbe6-4544-868f-9d3e05a8c56c/elements 200 481 ms - 139
[38;5;0m[HTTP][0m 
[38;5;0m[HTTP][0m [37m-->[39m [37mGET[39m [37m/wd/hub/session/b64edc2b-dbe6-4544-868f-9d3e05a8c56c/element/86000000-0000-0000-BA2C-000000000000/location[39m
[38;5;0m[HTTP][0m {}
[38;5;0m[HTTP][0m <-- GET /wd/hub/session/b64edc2b-dbe6-4544-868f-9d3e05a8c56c/element/86000000-0000-0000-BA2C-000000000000/location 200 29 ms - 27
[38;5;0m[HTTP][0m 
[38;5;0m[HTTP][0m [37m-->[39m [37mPOST[39m [37m/wd/hub/session/b64edc2b-dbe6-4544-868f-9d3e05a8c56c/element/86000000-0000-0000-BA2C-000000000000/click[39m
[38;5;0m[HTTP][0m {"id":"86000000-0000-0000-BA2C-000000000000"}
[38;5;48m[XCUITestDriver@4f19 (b64edc2b)][0m Driver proxy active, passing request on via HTTP proxy
[38;5;48m[XCUITestDriver@4f19 (b64edc2b)][0m Replacing sessionId D58E350F-9940-4791-A1F1-8E02BFBD7FB1 with b64edc2b-dbe6-4544-868f-9d3e05a8c56c
[38;5;0m[HTTP][0m <-- POST /wd/hub/session/b64edc2b-dbe6-4544-868f-9d3e05a8c56c/element/86000000-0000-0000-BA2C-000000000000/click 200 815 ms - 65
[38;5;0m[HTTP][0m 
[38;5;0m[HTTP][0m [37m-->[39m [37mPOST[39m [37m/wd/hub/session/b64edc2b-dbe6-4544-868f-9d3e05a8c56c/execute/sync[39m
[38;5;0m[HTTP][0m {"script":"mobile: source","args":[{"format":"xml","excludedAttributes":"visible"}]}
[38;5;0m[HTTP][0m <-- POST /wd/hub/session/b64edc2b-dbe6-4544-868f-9d3e05a8c56c/execute/sync 200 1316 ms - 35022
[38;5;0m[HTTP][0m 
[38;5;0m[HTTP][0m [37m-->[39m [37mGET[39m [37m/wd/hub/session/b64edc2b-dbe6-4544-868f-9d3e05a8c56c/screenshot[39m
[38;5;0m[HTTP][0m {}
[38;5;0m[HTTP][0m <-- GET /wd/hub/session/b64edc2b-dbe6-4544-868f-9d3e05a8c56c/screenshot 200 42 ms - 134220
[38;5;0m[HTTP][0m 
[38;5;0m[HTTP][0m [37m-->[39m [37mPOST[39m [37m/wd/hub/session/b64edc2b-dbe6-4544-868f-9d3e05a8c56c/element[39m
[38;5;0m[HTTP][0m {"using":"xpath","value":"//*[@type = 'XCUIElementTypeTextField' and @value = 'Sep 8, 1980']"}
[38;5;0m[HTTP][0m <-- POST /wd/hub/session/b64edc2b-dbe6-4544-868f-9d3e05a8c56c/element 200 372 ms - 137
[38;5;0m[HTTP][0m 
[38;5;0m[HTTP][0m [37m-->[39m [37mGET[39m [37m/wd/hub/session/b64edc2b-dbe6-4544-868f-9d3e05a8c56c/window/rect[39m
[38;5;0m[HTTP][0m {}
[38;5;0m[HTTP][0m <-- GET /wd/hub/session/b64edc2b-dbe6-4544-868f-9d3e05a8c56c/window/rect 200 37 ms - 48
[38;5;0m[HTTP][0m 
[38;5;0m[HTTP][0m [37m-->[39m [37mPOST[39m [37m/wd/hub/session/b64edc2b-dbe6-4544-868f-9d3e05a8c56c/elements[39m
[38;5;0m[HTTP][0m {"using":"xpath","value":"//*[@type = 'XCUIElementTypeTextField' and @value = 'Sep 8, 1980']"}
[38;5;0m[HTTP][0m <-- POST /wd/hub/session/b64edc2b-dbe6-4544-868f-9d3e05a8c56c/elements 200 336 ms - 139
[38;5;0m[HTTP][0m 
[38;5;0m[HTTP][0m [37m-->[39m [37mGET[39m [37m/wd/hub/session/b64edc2b-dbe6-4544-868f-9d3e05a8c56c/element/A4000000-0000-0000-BA2C-000000000000/location[39m
[38;5;0m[HTTP][0m {}
[38;5;0m[HTTP][0m <-- GET /wd/hub/session/b64edc2b-dbe6-4544-868f-9d3e05a8c56c/element/A4000000-0000-0000-BA2C-000000000000/location 200 37 ms - 27
[38;5;0m[HTTP][0m 
[38;5;0m[HTTP][0m [37m-->[39m [37mPOST[39m [37m/wd/hub/session/b64edc2b-dbe6-4544-868f-9d3e05a8c56c/element/A4000000-0000-0000-BA2C-000000000000/click[39m
[38;5;0m[HTTP][0m {"id":"A4000000-0000-0000-BA2C-000000000000"}
[38;5;48m[XCUITestDriver@4f19 (b64edc2b)][0m Driver proxy active, passing request on via HTTP proxy
[38;5;48m[XCUITestDriver@4f19 (b64edc2b)][0m Replacing sessionId D58E350F-9940-4791-A1F1-8E02BFBD7FB1 with b64edc2b-dbe6-4544-868f-9d3e05a8c56c
[38;5;0m[HTTP][0m <-- POST /wd/hub/session/b64edc2b-dbe6-4544-868f-9d3e05a8c56c/element/A4000000-0000-0000-BA2C-000000000000/click 200 370 ms - 65
[38;5;0m[HTTP][0m 
[38;5;0m[HTTP][0m [37m-->[39m [37mPOST[39m [37m/wd/hub/session/b64edc2b-dbe6-4544-868f-9d3e05a8c56c/execute/sync[39m
[38;5;0m[HTTP][0m {"script":"mobile: source","args":[{"format":"xml","excludedAttributes":"visible"}]}
[38;5;0m[HTTP][0m <-- POST /wd/hub/session/b64edc2b-dbe6-4544-868f-9d3e05a8c56c/execute/sync 200 1227 ms - 39848
[38;5;0m[HTTP][0m 
[38;5;0m[HTTP][0m [37m-->[39m [37mGET[39m [37m/wd/hub/session/b64edc2b-dbe6-4544-868f-9d3e05a8c56c/screenshot[39m
[38;5;0m[HTTP][0m {}
[38;5;0m[HTTP][0m <-- GET /wd/hub/session/b64edc2b-dbe6-4544-868f-9d3e05a8c56c/screenshot 200 48 ms - 241120
[38;5;0m[HTTP][0m 
[38;5;0m[HTTP][0m [37m-->[39m [37mPOST[39m [37m/wd/hub/session/b64edc2b-dbe6-4544-868f-9d3e05a8c56c/element[39m
[38;5;0m[HTTP][0m {"using":"xpath","value":"//*[@type = 'XCUIElementTypePickerWheel' and @value = 'September']"}
[38;5;0m[HTTP][0m <-- POST /wd/hub/session/b64edc2b-dbe6-4544-868f-9d3e05a8c56c/element 200 342 ms - 137
[38;5;0m[HTTP][0m 
[38;5;0m[HTTP][0m [37m-->[39m [37mGET[39m [37m/wd/hub/session/b64edc2b-dbe6-4544-868f-9d3e05a8c56c/window/rect[39m
[38;5;0m[HTTP][0m {}
[38;5;0m[HTTP][0m <-- GET /wd/hub/session/b64edc2b-dbe6-4544-868f-9d3e05a8c56c/window/rect 200 60 ms - 48
[38;5;0m[HTTP][0m 
[38;5;0m[HTTP][0m [37m-->[39m [37mPOST[39m [37m/wd/hub/session/b64edc2b-dbe6-4544-868f-9d3e05a8c56c/elements[39m
[38;5;0m[HTTP][0m {"using":"xpath","value":"//*[@type = 'XCUIElementTypePickerWheel' and @value = 'September']"}
[38;5;0m[HTTP][0m <-- POST /wd/hub/session/b64edc2b-dbe6-4544-868f-9d3e05a8c56c/elements 200 451 ms - 139
[38;5;0m[HTTP][0m 
[38;5;0m[HTTP][0m [37m-->[39m [37mGET[39m [37m/wd/hub/session/b64edc2b-dbe6-4544-868f-9d3e05a8c56c/element/BC000000-0000-0000-BA2C-000000000000/location[39m
[38;5;0m[HTTP][0m {}
[38;5;0m[HTTP][0m <-- GET /wd/hub/session/b64edc2b-dbe6-4544-868f-9d3e05a8c56c/element/BC000000-0000-0000-BA2C-000000000000/location 200 37 ms - 26
[38;5;0m[HTTP][0m 
[38;5;0m[HTTP][0m [37m-->[39m [37mPOST[39m [37m/wd/hub/session/b64edc2b-dbe6-4544-868f-9d3e05a8c56c/element/BC000000-0000-0000-BA2C-000000000000/value[39m
[38;5;0m[HTTP][0m {"id":"BC000000-0000-0000-BA2C-000000000000","text":"June","value":["J","u","n","e"]}
[38;5;0m[HTTP][0m <-- POST /wd/hub/session/b64edc2b-dbe6-4544-868f-9d3e05a8c56c/element/BC000000-0000-0000-BA2C-000000000000/value 200 97 ms - 14
[38;5;0m[HTTP][0m 
[38;5;0m[HTTP][0m [37m-->[39m [37mPOST[39m [37m/wd/hub/session/b64edc2b-dbe6-4544-868f-9d3e05a8c56c/execute/sync[39m
[38;5;0m[HTTP][0m {"script":"mobile: source","args":[{"format":"xml","excludedAttributes":"visible"}]}
[38;5;0m[HTTP][0m <-- POST /wd/hub/session/b64edc2b-dbe6-4544-868f-9d3e05a8c56c/execute/sync 200 1220 ms - 39843
[38;5;0m[HTTP][0m 
[38;5;0m[HTTP][0m [37m-->[39m [37mGET[39m [37m/wd/hub/session/b64edc2b-dbe6-4544-868f-9d3e05a8c56c/screenshot[39m
[38;5;0m[HTTP][0m {}
[38;5;0m[HTTP][0m <-- GET /wd/hub/session/b64edc2b-dbe6-4544-868f-9d3e05a8c56c/screenshot 200 48 ms - 232208
[38;5;0m[HTTP][0m 
[38;5;0m[HTTP][0m [37m-->[39m [37mPOST[39m [37m/wd/hub/session/b64edc2b-dbe6-4544-868f-9d3e05a8c56c/element[39m
[38;5;0m[HTTP][0m {"using":"xpath","value":"//*[@type = 'XCUIElementTypePickerWheel' and @value = '8']"}
[38;5;0m[HTTP][0m <-- POST /wd/hub/session/b64edc2b-dbe6-4544-868f-9d3e05a8c56c/element 200 358 ms - 137
[38;5;0m[HTTP][0m 
[38;5;0m[HTTP][0m [37m-->[39m [37mGET[39m [37m/wd/hub/session/b64edc2b-dbe6-4544-868f-9d3e05a8c56c/window/rect[39m
[38;5;0m[HTTP][0m {}
[38;5;0m[HTTP][0m <-- GET /wd/hub/session/b64edc2b-dbe6-4544-868f-9d3e05a8c56c/window/rect 200 62 ms - 48
[38;5;0m[HTTP][0m 
[38;5;0m[HTTP][0m [37m-->[39m [37mPOST[39m [37m/wd/hub/session/b64edc2b-dbe6-4544-868f-9d3e05a8c56c/elements[39m
[38;5;0m[HTTP][0m {"using":"xpath","value":"//*[@type = 'XCUIElementTypePickerWheel' and @value = '8']"}
[38;5;0m[HTTP][0m <-- POST /wd/hub/session/b64edc2b-dbe6-4544-868f-9d3e05a8c56c/elements 200 347 ms - 139
[38;5;0m[HTTP][0m 
[38;5;0m[HTTP][0m [37m-->[39m [37mGET[39m [37m/wd/hub/session/b64edc2b-dbe6-4544-868f-9d3e05a8c56c/element/D3000000-0000-0000-BA2C-000000000000/location[39m
[38;5;0m[HTTP][0m {}
[38;5;0m[HTTP][0m <-- GET /wd/hub/session/b64edc2b-dbe6-4544-868f-9d3e05a8c56c/element/D3000000-0000-0000-BA2C-000000000000/location 200 37 ms - 27
[38;5;0m[HTTP][0m 
[38;5;0m[HTTP][0m [37m-->[39m [37mPOST[39m [37m/wd/hub/session/b64edc2b-dbe6-4544-868f-9d3e05a8c56c/element/D3000000-0000-0000-BA2C-000000000000/value[39m
[38;5;0m[HTTP][0m {"id":"D3000000-0000-0000-BA2C-000000000000","text":"12","value":["1","2"]}
[38;5;0m[HTTP][0m <-- POST /wd/hub/session/b64edc2b-dbe6-4544-868f-9d3e05a8c56c/element/D3000000-0000-0000-BA2C-000000000000/value 200 101 ms - 14
[38;5;0m[HTTP][0m 
[38;5;0m[HTTP][0m [37m-->[39m [37mPOST[39m [37m/wd/hub/session/b64edc2b-dbe6-4544-868f-9d3e05a8c56c/execute/sync[39m
[38;5;0m[HTTP][0m {"script":"mobile: source","args":[{"format":"xml","excludedAttributes":"visible"}]}
[38;5;0m[HTTP][0m <-- POST /wd/hub/session/b64edc2b-dbe6-4544-868f-9d3e05a8c56c/execute/sync 200 1337 ms - 39845
[38;5;0m[HTTP][0m 
[38;5;0m[HTTP][0m [37m-->[39m [37mGET[39m [37m/wd/hub/session/b64edc2b-dbe6-4544-868f-9d3e05a8c56c/screenshot[39m
[38;5;0m[HTTP][0m {}
[38;5;0m[HTTP][0m <-- GET /wd/hub/session/b64edc2b-dbe6-4544-868f-9d3e05a8c56c/screenshot 200 47 ms - 233452
[38;5;0m[HTTP][0m 
[38;5;0m[HTTP][0m [37m-->[39m [37mPOST[39m [37m/wd/hub/session/b64edc2b-dbe6-4544-868f-9d3e05a8c56c/element[39m
[38;5;0m[HTTP][0m {"using":"xpath","value":"//*[@type = 'XCUIElementTypePickerWheel' and @value = '1980']"}
[38;5;0m[HTTP][0m <-- POST /wd/hub/session/b64edc2b-dbe6-4544-868f-9d3e05a8c56c/element 200 366 ms - 137
[38;5;0m[HTTP][0m 
[38;5;0m[HTTP][0m [37m-->[39m [37mGET[39m [37m/wd/hub/session/b64edc2b-dbe6-4544-868f-9d3e05a8c56c/window/rect[39m
[38;5;0m[HTTP][0m {}
[38;5;0m[HTTP][0m <-- GET /wd/hub/session/b64edc2b-dbe6-4544-868f-9d3e05a8c56c/window/rect 200 53 ms - 48
[38;5;0m[HTTP][0m 
[38;5;0m[HTTP][0m [37m-->[39m [37mPOST[39m [37m/wd/hub/session/b64edc2b-dbe6-4544-868f-9d3e05a8c56c/elements[39m
[38;5;0m[HTTP][0m {"using":"xpath","value":"//*[@type = 'XCUIElementTypePickerWheel' and @value = '1980']"}
[38;5;0m[HTTP][0m <-- POST /wd/hub/session/b64edc2b-dbe6-4544-868f-9d3e05a8c56c/elements 200 337 ms - 139
[38;5;0m[HTTP][0m 
[38;5;0m[HTTP][0m [37m-->[39m [37mGET[39m [37m/wd/hub/session/b64edc2b-dbe6-4544-868f-9d3e05a8c56c/element/D4000000-0000-0000-BA2C-000000000000/location[39m
[38;5;0m[HTTP][0m {}
[38;5;0m[HTTP][0m <-- GET /wd/hub/session/b64edc2b-dbe6-4544-868f-9d3e05a8c56c/element/D4000000-0000-0000-BA2C-000000000000/location 200 37 ms - 27
[38;5;0m[HTTP][0m 
[38;5;0m[HTTP][0m [37m-->[39m [37mPOST[39m [37m/wd/hub/session/b64edc2b-dbe6-4544-868f-9d3e05a8c56c/element/D4000000-0000-0000-BA2C-000000000000/value[39m
[38;5;0m[HTTP][0m {"id":"D4000000-0000-0000-BA2C-000000000000","text":"1990","value":["1","9","9","0"]}
[38;5;0m[HTTP][0m <-- POST /wd/hub/session/b64edc2b-dbe6-4544-868f-9d3e05a8c56c/element/D4000000-0000-0000-BA2C-000000000000/value 200 132 ms - 14
[38;5;0m[HTTP][0m 
[38;5;0m[HTTP][0m [37m-->[39m [37mPOST[39m [37m/wd/hub/session/b64edc2b-dbe6-4544-868f-9d3e05a8c56c/execute/sync[39m
[38;5;0m[HTTP][0m {"script":"mobile: source","args":[{"format":"xml","excludedAttributes":"visible"}]}
[38;5;0m[HTTP][0m <-- POST /wd/hub/session/b64edc2b-dbe6-4544-868f-9d3e05a8c56c/execute/sync 200 1205 ms - 39845
[38;5;0m[HTTP][0m 
[38;5;0m[HTTP][0m [37m-->[39m [37mGET[39m [37m/wd/hub/session/b64edc2b-dbe6-4544-868f-9d3e05a8c56c/screenshot[39m
[38;5;0m[HTTP][0m {}
[38;5;0m[HTTP][0m <-- GET /wd/hub/session/b64edc2b-dbe6-4544-868f-9d3e05a8c56c/screenshot 200 45 ms - 233528
[38;5;0m[HTTP][0m 
[38;5;0m[HTTP][0m [37m-->[39m [37mPOST[39m [37m/wd/hub/session/b64edc2b-dbe6-4544-868f-9d3e05a8c56c/element[39m
[38;5;0m[HTTP][0m {"using":"xpath","value":"//*[@type = 'XCUIElementTypeButton' and @label = 'Done' and @name = 'Done']"}
[38;5;0m[HTTP][0m <-- POST /wd/hub/session/b64edc2b-dbe6-4544-868f-9d3e05a8c56c/element 200 443 ms - 137
[38;5;0m[HTTP][0m 
[38;5;0m[HTTP][0m [37m-->[39m [37mGET[39m [37m/wd/hub/session/b64edc2b-dbe6-4544-868f-9d3e05a8c56c/window/rect[39m
[38;5;0m[HTTP][0m {}
[38;5;0m[HTTP][0m <-- GET /wd/hub/session/b64edc2b-dbe6-4544-868f-9d3e05a8c56c/window/rect 200 36 ms - 48
[38;5;0m[HTTP][0m 
[38;5;0m[HTTP][0m [37m-->[39m [37mPOST[39m [37m/wd/hub/session/b64edc2b-dbe6-4544-868f-9d3e05a8c56c/elements[39m
[38;5;0m[HTTP][0m {"using":"xpath","value":"//*[@type = 'XCUIElementTypeButton' and @label = 'Done' and @name = 'Done']"}
[38;5;0m[HTTP][0m <-- POST /wd/hub/session/b64edc2b-dbe6-4544-868f-9d3e05a8c56c/elements 200 440 ms - 139
[38;5;0m[HTTP][0m 
[38;5;0m[HTTP][0m [37m-->[39m [37mGET[39m [37m/wd/hub/session/b64edc2b-dbe6-4544-868f-9d3e05a8c56c/element/D1000000-0000-0000-BA2C-000000000000/location[39m
[38;5;0m[HTTP][0m {}
[38;5;0m[HTTP][0m <-- GET /wd/hub/session/b64edc2b-dbe6-4544-868f-9d3e05a8c56c/element/D1000000-0000-0000-BA2C-000000000000/location 200 40 ms - 27
[38;5;0m[HTTP][0m 
[38;5;0m[HTTP][0m [37m-->[39m [37mPOST[39m [37m/wd/hub/session/b64edc2b-dbe6-4544-868f-9d3e05a8c56c/element/D1000000-0000-0000-BA2C-000000000000/click[39m
[38;5;0m[HTTP][0m {"id":"D1000000-0000-0000-BA2C-000000000000"}
[38;5;48m[XCUITestDriver@4f19 (b64edc2b)][0m Driver proxy active, passing request on via HTTP proxy
[38;5;48m[XCUITestDriver@4f19 (b64edc2b)][0m Replacing sessionId D58E350F-9940-4791-A1F1-8E02BFBD7FB1 with b64edc2b-dbe6-4544-868f-9d3e05a8c56c
[38;5;0m[HTTP][0m <-- POST /wd/hub/session/b64edc2b-dbe6-4544-868f-9d3e05a8c56c/element/D1000000-0000-0000-BA2C-000000000000/click 200 699 ms - 65
[38;5;0m[HTTP][0m 
[38;5;0m[HTTP][0m [37m-->[39m [37mPOST[39m [37m/wd/hub/session/b64edc2b-dbe6-4544-868f-9d3e05a8c56c/execute/sync[39m
[38;5;0m[HTTP][0m {"script":"mobile: source","args":[{"format":"xml","excludedAttributes":"visible"}]}
[38;5;0m[HTTP][0m <-- POST /wd/hub/session/b64edc2b-dbe6-4544-868f-9d3e05a8c56c/execute/sync 200 1171 ms - 35721
[38;5;0m[HTTP][0m 
[38;5;0m[HTTP][0m [37m-->[39m [37mGET[39m [37m/wd/hub/session/b64edc2b-dbe6-4544-868f-9d3e05a8c56c/screenshot[39m
[38;5;0m[HTTP][0m {}
[38;5;0m[HTTP][0m <-- GET /wd/hub/session/b64edc2b-dbe6-4544-868f-9d3e05a8c56c/screenshot 200 41 ms - 138688
[38;5;0m[HTTP][0m 
[38;5;0m[HTTP][0m [37m-->[39m [37mPOST[39m [37m/wd/hub/session/b64edc2b-dbe6-4544-868f-9d3e05a8c56c/element[39m
[38;5;0m[HTTP][0m {"using":"xpath","value":"//*[@type = 'XCUIElementTypeTextField' and @value = 'Optional']"}
[38;5;0m[HTTP][0m <-- POST /wd/hub/session/b64edc2b-dbe6-4544-868f-9d3e05a8c56c/element 200 426 ms - 137
[38;5;0m[HTTP][0m 
[38;5;0m[HTTP][0m [37m-->[39m [37mGET[39m [37m/wd/hub/session/b64edc2b-dbe6-4544-868f-9d3e05a8c56c/window/rect[39m
[38;5;0m[HTTP][0m {}
[38;5;0m[HTTP][0m <-- GET /wd/hub/session/b64edc2b-dbe6-4544-868f-9d3e05a8c56c/window/rect 200 55 ms - 48
[38;5;0m[HTTP][0m 
[38;5;0m[HTTP][0m [37m-->[39m [37mPOST[39m [37m/wd/hub/session/b64edc2b-dbe6-4544-868f-9d3e05a8c56c/elements[39m
[38;5;0m[HTTP][0m {"using":"xpath","value":"//*[@type = 'XCUIElementTypeTextField' and @value = 'Optional']"}
[38;5;0m[HTTP][0m <-- POST /wd/hub/session/b64edc2b-dbe6-4544-868f-9d3e05a8c56c/elements 200 411 ms - 651
[38;5;0m[HTTP][0m 
[38;5;0m[HTTP][0m [37m-->[39m [37mGET[39m [37m/wd/hub/session/b64edc2b-dbe6-4544-868f-9d3e05a8c56c/element/9A000000-0000-0000-BA2C-000000000000/location[39m
[38;5;0m[HTTP][0m {}
[38;5;0m[HTTP][0m <-- GET /wd/hub/session/b64edc2b-dbe6-4544-868f-9d3e05a8c56c/element/9A000000-0000-0000-BA2C-000000000000/location 200 33 ms - 27
[38;5;0m[HTTP][0m 
[38;5;0m[HTTP][0m [37m-->[39m [37mPOST[39m [37m/wd/hub/session/b64edc2b-dbe6-4544-868f-9d3e05a8c56c/element/9A000000-0000-0000-BA2C-000000000000/value[39m
[38;5;0m[HTTP][0m {"id":"9A000000-0000-0000-BA2C-000000000000","text":"Male","value":["M","a","l","e"]}
[38;5;0m[HTTP][0m <-- POST /wd/hub/session/b64edc2b-dbe6-4544-868f-9d3e05a8c56c/element/9A000000-0000-0000-BA2C-000000000000/value 200 1066 ms - 14
[38;5;0m[HTTP][0m 
[38;5;0m[HTTP][0m [37m-->[39m [37mPOST[39m [37m/wd/hub/session/b64edc2b-dbe6-4544-868f-9d3e05a8c56c/execute/sync[39m
[38;5;0m[HTTP][0m {"script":"mobile: source","args":[{"format":"xml","excludedAttributes":"visible"}]}
[38;5;0m[HTTP][0m <-- POST /wd/hub/session/b64edc2b-dbe6-4544-868f-9d3e05a8c56c/execute/sync 200 1544 ms - 46791
[38;5;0m[HTTP][0m 
[38;5;0m[HTTP][0m [37m-->[39m [37mGET[39m [37m/wd/hub/session/b64edc2b-dbe6-4544-868f-9d3e05a8c56c/screenshot[39m
[38;5;0m[HTTP][0m {}
[38;5;0m[HTTP][0m <-- GET /wd/hub/session/b64edc2b-dbe6-4544-868f-9d3e05a8c56c/screenshot 200 44 ms - 220212
[38;5;0m[HTTP][0m 
[38;5;0m[HTTP][0m [37m-->[39m [37mPOST[39m [37m/wd/hub/session/b64edc2b-dbe6-4544-868f-9d3e05a8c56c/execute/sync[39m
[38;5;0m[HTTP][0m {"script":"mobile: source","args":[{"format":"xml","excludedAttributes":"visible"}]}
[38;5;0m[HTTP][0m <-- POST /wd/hub/session/b64edc2b-dbe6-4544-868f-9d3e05a8c56c/execute/sync 200 1529 ms - 46795
[38;5;0m[HTTP][0m 
[38;5;0m[HTTP][0m [37m-->[39m [37mGET[39m [37m/wd/hub/session/b64edc2b-dbe6-4544-868f-9d3e05a8c56c/screenshot[39m
[38;5;0m[HTTP][0m {}
[38;5;0m[HTTP][0m <-- GET /wd/hub/session/b64edc2b-dbe6-4544-868f-9d3e05a8c56c/screenshot 200 46 ms - 221856
[38;5;0m[HTTP][0m 
[38;5;0m[HTTP][0m [37m-->[39m [37mPOST[39m [37m/wd/hub/session/b64edc2b-dbe6-4544-868f-9d3e05a8c56c/element[39m
[38;5;0m[HTTP][0m {"using":"xpath","value":"//*[@type = 'XCUIElementTypeTextField' and @value = 'Optional']"}
[38;5;0m[HTTP][0m <-- POST /wd/hub/session/b64edc2b-dbe6-4544-868f-9d3e05a8c56c/element 200 396 ms - 137
[38;5;0m[HTTP][0m 
[38;5;0m[HTTP][0m [37m-->[39m [37mGET[39m [37m/wd/hub/session/b64edc2b-dbe6-4544-868f-9d3e05a8c56c/window/rect[39m
[38;5;0m[HTTP][0m {}
[38;5;0m[HTTP][0m <-- GET /wd/hub/session/b64edc2b-dbe6-4544-868f-9d3e05a8c56c/window/rect 200 68 ms - 48
[38;5;0m[HTTP][0m 
[38;5;0m[HTTP][0m [37m-->[39m [37mPOST[39m [37m/wd/hub/session/b64edc2b-dbe6-4544-868f-9d3e05a8c56c/elements[39m
[38;5;0m[HTTP][0m {"using":"xpath","value":"//*[@type = 'XCUIElementTypeTextField' and @value = 'Optional']"}
[38;5;0m[HTTP][0m <-- POST /wd/hub/session/b64edc2b-dbe6-4544-868f-9d3e05a8c56c/elements 200 538 ms - 651
[38;5;0m[HTTP][0m 
[38;5;0m[HTTP][0m [37m-->[39m [37mGET[39m [37m/wd/hub/session/b64edc2b-dbe6-4544-868f-9d3e05a8c56c/element/9A000000-0000-0000-BA2C-000000000000/location[39m
[38;5;0m[HTTP][0m {}
[38;5;0m[HTTP][0m <-- GET /wd/hub/session/b64edc2b-dbe6-4544-868f-9d3e05a8c56c/element/9A000000-0000-0000-BA2C-000000000000/location 200 145 ms - 27
[38;5;0m[HTTP][0m 
[38;5;0m[HTTP][0m [37m-->[39m [37mPOST[39m [37m/wd/hub/session/b64edc2b-dbe6-4544-868f-9d3e05a8c56c/element/9A000000-0000-0000-BA2C-000000000000/value[39m
[38;5;0m[HTTP][0m {"id":"9A000000-0000-0000-BA2C-000000000000","text":"Pravin","value":["P","r","a","v","i","n"]}
[38;5;0m[HTTP][0m <-- POST /wd/hub/session/b64edc2b-dbe6-4544-868f-9d3e05a8c56c/element/9A000000-0000-0000-BA2C-000000000000/value 200 345 ms - 14
[38;5;0m[HTTP][0m 
[38;5;0m[HTTP][0m [37m-->[39m [37mPOST[39m [37m/wd/hub/session/b64edc2b-dbe6-4544-868f-9d3e05a8c56c/execute/sync[39m
[38;5;0m[HTTP][0m {"script":"mobile: source","args":[{"format":"xml","excludedAttributes":"visible"}]}
[38;5;0m[HTTP][0m <-- POST /wd/hub/session/b64edc2b-dbe6-4544-868f-9d3e05a8c56c/execute/sync 200 1583 ms - 46793
[38;5;0m[HTTP][0m 
[38;5;0m[HTTP][0m [37m-->[39m [37mGET[39m [37m/wd/hub/session/b64edc2b-dbe6-4544-868f-9d3e05a8c56c/screenshot[39m
[38;5;0m[HTTP][0m {}
[38;5;0m[HTTP][0m <-- GET /wd/hub/session/b64edc2b-dbe6-4544-868f-9d3e05a8c56c/screenshot 200 48 ms - 219684
[38;5;0m[HTTP][0m 
[38;5;0m[HTTP][0m [37m-->[39m [37mPOST[39m [37m/wd/hub/session/b64edc2b-dbe6-4544-868f-9d3e05a8c56c/element[39m
[38;5;0m[HTTP][0m {"using":"xpath","value":"//*[@type = 'XCUIElementTypeTextField' and @value = 'Optional']"}
[38;5;0m[HTTP][0m <-- POST /wd/hub/session/b64edc2b-dbe6-4544-868f-9d3e05a8c56c/element 200 413 ms - 137
[38;5;0m[HTTP][0m 
[38;5;0m[HTTP][0m [37m-->[39m [37mGET[39m [37m/wd/hub/session/b64edc2b-dbe6-4544-868f-9d3e05a8c56c/window/rect[39m
[38;5;0m[HTTP][0m {}
[38;5;0m[HTTP][0m <-- GET /wd/hub/session/b64edc2b-dbe6-4544-868f-9d3e05a8c56c/window/rect 200 67 ms - 48
[38;5;0m[HTTP][0m 
[38;5;0m[HTTP][0m [37m-->[39m [37mPOST[39m [37m/wd/hub/session/b64edc2b-dbe6-4544-868f-9d3e05a8c56c/elements[39m
[38;5;0m[HTTP][0m {"using":"xpath","value":"//*[@type = 'XCUIElementTypeTextField' and @value = 'Optional']"}
[38;5;0m[HTTP][0m <-- POST /wd/hub/session/b64edc2b-dbe6-4544-868f-9d3e05a8c56c/elements 200 499 ms - 523
[38;5;0m[HTTP][0m 
[38;5;0m[HTTP][0m [37m-->[39m [37mGET[39m [37m/wd/hub/session/b64edc2b-dbe6-4544-868f-9d3e05a8c56c/element/9F000000-0000-0000-BA2C-000000000000/location[39m
[38;5;0m[HTTP][0m {}
[38;5;0m[HTTP][0m <-- GET /wd/hub/session/b64edc2b-dbe6-4544-868f-9d3e05a8c56c/element/9F000000-0000-0000-BA2C-000000000000/location 200 41 ms - 27
[38;5;0m[HTTP][0m 
[38;5;0m[HTTP][0m [37m-->[39m [37mPOST[39m [37m/wd/hub/session/b64edc2b-dbe6-4544-868f-9d3e05a8c56c/element/9F000000-0000-0000-BA2C-000000000000/value[39m
[38;5;0m[HTTP][0m {"id":"9F000000-0000-0000-BA2C-000000000000","text":"R","value":["R"]}
[38;5;0m[HTTP][0m <-- POST /wd/hub/session/b64edc2b-dbe6-4544-868f-9d3e05a8c56c/element/9F000000-0000-0000-BA2C-000000000000/value 200 719 ms - 14
[38;5;0m[HTTP][0m 
[38;5;0m[HTTP][0m [37m-->[39m [37mPOST[39m [37m/wd/hub/session/b64edc2b-dbe6-4544-868f-9d3e05a8c56c/execute/sync[39m
[38;5;0m[HTTP][0m {"script":"mobile: source","args":[{"format":"xml","excludedAttributes":"visible"}]}
[38;5;0m[HTTP][0m <-- POST /wd/hub/session/b64edc2b-dbe6-4544-868f-9d3e05a8c56c/execute/sync 200 1511 ms - 46786
[38;5;0m[HTTP][0m 
[38;5;0m[HTTP][0m [37m-->[39m [37mGET[39m [37m/wd/hub/session/b64edc2b-dbe6-4544-868f-9d3e05a8c56c/screenshot[39m
[38;5;0m[HTTP][0m {}
[38;5;0m[HTTP][0m <-- GET /wd/hub/session/b64edc2b-dbe6-4544-868f-9d3e05a8c56c/screenshot 200 48 ms - 216784
[38;5;0m[HTTP][0m 
[38;5;0m[HTTP][0m [37m-->[39m [37mPOST[39m [37m/wd/hub/session/b64edc2b-dbe6-4544-868f-9d3e05a8c56c/execute/sync[39m
[38;5;0m[HTTP][0m {"script":"mobile: source","args":[{"format":"xml","excludedAttributes":"visible"}]}
[38;5;0m[HTTP][0m <-- POST /wd/hub/session/b64edc2b-dbe6-4544-868f-9d3e05a8c56c/execute/sync 200 1065 ms - 35712
[38;5;0m[HTTP][0m 
[38;5;0m[HTTP][0m [37m-->[39m [37mGET[39m [37m/wd/hub/session/b64edc2b-dbe6-4544-868f-9d3e05a8c56c/screenshot[39m
[38;5;0m[HTTP][0m {}
[38;5;0m[HTTP][0m <-- GET /wd/hub/session/b64edc2b-dbe6-4544-868f-9d3e05a8c56c/screenshot 200 42 ms - 154488
[38;5;0m[HTTP][0m 
[38;5;0m[HTTP][0m [37m-->[39m [37mPOST[39m [37m/wd/hub/session/b64edc2b-dbe6-4544-868f-9d3e05a8c56c/element[39m
[38;5;0m[HTTP][0m {"using":"xpath","value":"//*[@type = 'XCUIElementTypeTextField' and @value = 'Optional']"}
[38;5;0m[HTTP][0m <-- POST /wd/hub/session/b64edc2b-dbe6-4544-868f-9d3e05a8c56c/element 200 544 ms - 137
[38;5;0m[HTTP][0m 
[38;5;0m[HTTP][0m [37m-->[39m [37mGET[39m [37m/wd/hub/session/b64edc2b-dbe6-4544-868f-9d3e05a8c56c/window/rect[39m
[38;5;0m[HTTP][0m {}
[38;5;0m[HTTP][0m <-- GET /wd/hub/session/b64edc2b-dbe6-4544-868f-9d3e05a8c56c/window/rect 200 32 ms - 48
[38;5;0m[HTTP][0m 
[38;5;0m[HTTP][0m [37m-->[39m [37mPOST[39m [37m/wd/hub/session/b64edc2b-dbe6-4544-868f-9d3e05a8c56c/elements[39m
[38;5;0m[HTTP][0m {"using":"xpath","value":"//*[@type = 'XCUIElementTypeTextField' and @value = 'Optional']"}
[38;5;0m[HTTP][0m <-- POST /wd/hub/session/b64edc2b-dbe6-4544-868f-9d3e05a8c56c/elements 200 362 ms - 395
[38;5;0m[HTTP][0m 
[38;5;0m[HTTP][0m [37m-->[39m [37mGET[39m [37m/wd/hub/session/b64edc2b-dbe6-4544-868f-9d3e05a8c56c/element/A9000000-0000-0000-BA2C-000000000000/location[39m
[38;5;0m[HTTP][0m {}
[38;5;0m[HTTP][0m <-- GET /wd/hub/session/b64edc2b-dbe6-4544-868f-9d3e05a8c56c/element/A9000000-0000-0000-BA2C-000000000000/location 200 36 ms - 27
[38;5;0m[HTTP][0m 
[38;5;0m[HTTP][0m [37m-->[39m [37mPOST[39m [37m/wd/hub/session/b64edc2b-dbe6-4544-868f-9d3e05a8c56c/element/A9000000-0000-0000-BA2C-000000000000/click[39m
[38;5;0m[HTTP][0m {"id":"A9000000-0000-0000-BA2C-000000000000"}
[38;5;48m[XCUITestDriver@4f19 (b64edc2b)][0m Driver proxy active, passing request on via HTTP proxy
[38;5;48m[XCUITestDriver@4f19 (b64edc2b)][0m Replacing sessionId D58E350F-9940-4791-A1F1-8E02BFBD7FB1 with b64edc2b-dbe6-4544-868f-9d3e05a8c56c
[38;5;0m[HTTP][0m <-- POST /wd/hub/session/b64edc2b-dbe6-4544-868f-9d3e05a8c56c/element/A9000000-0000-0000-BA2C-000000000000/click 200 700 ms - 65
[38;5;0m[HTTP][0m 
[38;5;0m[HTTP][0m [37m-->[39m [37mPOST[39m [37m/wd/hub/session/b64edc2b-dbe6-4544-868f-9d3e05a8c56c/execute/sync[39m
[38;5;0m[HTTP][0m {"script":"mobile: source","args":[{"format":"xml","excludedAttributes":"visible"}]}
[38;5;0m[HTTP][0m <-- POST /wd/hub/session/b64edc2b-dbe6-4544-868f-9d3e05a8c56c/execute/sync 200 1197 ms - 39912
[38;5;0m[HTTP][0m 
[38;5;0m[HTTP][0m [37m-->[39m [37mGET[39m [37m/wd/hub/session/b64edc2b-dbe6-4544-868f-9d3e05a8c56c/screenshot[39m
[38;5;0m[HTTP][0m {}
[38;5;0m[HTTP][0m <-- GET /wd/hub/session/b64edc2b-dbe6-4544-868f-9d3e05a8c56c/screenshot 200 48 ms - 233740
[38;5;0m[HTTP][0m 
[38;5;0m[HTTP][0m [37m-->[39m [37mPOST[39m [37m/wd/hub/session/b64edc2b-dbe6-4544-868f-9d3e05a8c56c/execute/sync[39m
[38;5;0m[HTTP][0m {"script":"mobile: source","args":[{"format":"xml","excludedAttributes":"visible"}]}
[38;5;0m[HTTP][0m <-- POST /wd/hub/session/b64edc2b-dbe6-4544-868f-9d3e05a8c56c/execute/sync 200 1158 ms - 35712
[38;5;0m[HTTP][0m 
[38;5;0m[HTTP][0m [37m-->[39m [37mGET[39m [37m/wd/hub/session/b64edc2b-dbe6-4544-868f-9d3e05a8c56c/screenshot[39m
[38;5;0m[HTTP][0m {}
[38;5;0m[HTTP][0m <-- GET /wd/hub/session/b64edc2b-dbe6-4544-868f-9d3e05a8c56c/screenshot 200 43 ms - 155144
[38;5;0m[HTTP][0m 
[38;5;0m[HTTP][0m [37m-->[39m [37mGET[39m [37m/wd/hub/session/b64edc2b-dbe6-4544-868f-9d3e05a8c56c/window/rect[39m
[38;5;0m[HTTP][0m {}
[38;5;0m[HTTP][0m <-- GET /wd/hub/session/b64edc2b-dbe6-4544-868f-9d3e05a8c56c/window/rect 200 51 ms - 48
[38;5;0m[HTTP][0m 
[38;5;0m[HTTP][0m [37m-->[39m [37mPOST[39m [37m/wd/hub/session/b64edc2b-dbe6-4544-868f-9d3e05a8c56c/elements[39m
[38;5;0m[HTTP][0m {"using":"xpath","value":"//*[@type = 'XCUIElementTypeTextField' and @value = 'Optional']"}
[38;5;0m[HTTP][0m <-- POST /wd/hub/session/b64edc2b-dbe6-4544-868f-9d3e05a8c56c/elements 200 356 ms - 395
[38;5;0m[HTTP][0m 
[38;5;0m[HTTP][0m [37m-->[39m [37mGET[39m [37m/wd/hub/session/b64edc2b-dbe6-4544-868f-9d3e05a8c56c/element/A9000000-0000-0000-BA2C-000000000000/location[39m
[38;5;0m[HTTP][0m {}
[38;5;0m[HTTP][0m <-- GET /wd/hub/session/b64edc2b-dbe6-4544-868f-9d3e05a8c56c/element/A9000000-0000-0000-BA2C-000000000000/location 200 33 ms - 27
[38;5;0m[HTTP][0m 
[38;5;0m[HTTP][0m [37m-->[39m [37mPOST[39m [37m/wd/hub/session/b64edc2b-dbe6-4544-868f-9d3e05a8c56c/element/A9000000-0000-0000-BA2C-000000000000/click[39m
[38;5;0m[HTTP][0m {"id":"A9000000-0000-0000-BA2C-000000000000"}
[38;5;48m[XCUITestDriver@4f19 (b64edc2b)][0m Driver proxy active, passing request on via HTTP proxy
[38;5;48m[XCUITestDriver@4f19 (b64edc2b)][0m Replacing sessionId D58E350F-9940-4791-A1F1-8E02BFBD7FB1 with b64edc2b-dbe6-4544-868f-9d3e05a8c56c
[38;5;0m[HTTP][0m <-- POST /wd/hub/session/b64edc2b-dbe6-4544-868f-9d3e05a8c56c/element/A9000000-0000-0000-BA2C-000000000000/click 200 690 ms - 65
[38;5;0m[HTTP][0m 
[38;5;0m[HTTP][0m [37m-->[39m [37mPOST[39m [37m/wd/hub/session/b64edc2b-dbe6-4544-868f-9d3e05a8c56c/execute/sync[39m
[38;5;0m[HTTP][0m {"script":"mobile: source","args":[{"format":"xml","excludedAttributes":"visible"}]}
[38;5;0m[HTTP][0m <-- POST /wd/hub/session/b64edc2b-dbe6-4544-868f-9d3e05a8c56c/execute/sync 200 1210 ms - 39912
[38;5;0m[HTTP][0m 
[38;5;0m[HTTP][0m [37m-->[39m [37mGET[39m [37m/wd/hub/session/b64edc2b-dbe6-4544-868f-9d3e05a8c56c/screenshot[39m
[38;5;0m[HTTP][0m {}
[38;5;0m[HTTP][0m <-- GET /wd/hub/session/b64edc2b-dbe6-4544-868f-9d3e05a8c56c/screenshot 200 47 ms - 233740
[38;5;0m[HTTP][0m 
[38;5;0m[HTTP][0m [37m-->[39m [37mPOST[39m [37m/wd/hub/session/b64edc2b-dbe6-4544-868f-9d3e05a8c56c/execute/sync[39m
[38;5;0m[HTTP][0m {"script":"mobile: source","args":[{"format":"xml","excludedAttributes":"visible"}]}
[38;5;0m[HTTP][0m <-- POST /wd/hub/session/b64edc2b-dbe6-4544-868f-9d3e05a8c56c/execute/sync 200 1068 ms - 35712
[38;5;0m[HTTP][0m 
[38;5;0m[HTTP][0m [37m-->[39m [37mGET[39m [37m/wd/hub/session/b64edc2b-dbe6-4544-868f-9d3e05a8c56c/screenshot[39m
[38;5;0m[HTTP][0m {}
[38;5;0m[HTTP][0m <-- GET /wd/hub/session/b64edc2b-dbe6-4544-868f-9d3e05a8c56c/screenshot 200 41 ms - 155244
[38;5;0m[HTTP][0m 
[38;5;0m[HTTP][0m [37m-->[39m [37mGET[39m [37m/wd/hub/session/b64edc2b-dbe6-4544-868f-9d3e05a8c56c/window/rect[39m
[38;5;0m[HTTP][0m {}
[38;5;0m[HTTP][0m <-- GET /wd/hub/session/b64edc2b-dbe6-4544-868f-9d3e05a8c56c/window/rect 200 51 ms - 48
[38;5;0m[HTTP][0m 
[38;5;0m[HTTP][0m [37m-->[39m [37mPOST[39m [37m/wd/hub/session/b64edc2b-dbe6-4544-868f-9d3e05a8c56c/elements[39m
[38;5;0m[HTTP][0m {"using":"xpath","value":"//*[@type = 'XCUIElementTypeTextField' and @value = 'Optional']"}
[38;5;0m[HTTP][0m <-- POST /wd/hub/session/b64edc2b-dbe6-4544-868f-9d3e05a8c56c/elements 200 355 ms - 395
[38;5;0m[HTTP][0m 
[38;5;0m[HTTP][0m [37m-->[39m [37mGET[39m [37m/wd/hub/session/b64edc2b-dbe6-4544-868f-9d3e05a8c56c/element/A9000000-0000-0000-BA2C-000000000000/location[39m
[38;5;0m[HTTP][0m {}
[38;5;0m[HTTP][0m <-- GET /wd/hub/session/b64edc2b-dbe6-4544-868f-9d3e05a8c56c/element/A9000000-0000-0000-BA2C-000000000000/location 200 33 ms - 27
[38;5;0m[HTTP][0m 
[38;5;0m[HTTP][0m [37m-->[39m [37mPOST[39m [37m/wd/hub/session/b64edc2b-dbe6-4544-868f-9d3e05a8c56c/element/A9000000-0000-0000-BA2C-000000000000/click[39m
[38;5;0m[HTTP][0m {"id":"A9000000-0000-0000-BA2C-000000000000"}
[38;5;48m[XCUITestDriver@4f19 (b64edc2b)][0m Driver proxy active, passing request on via HTTP proxy
[38;5;48m[XCUITestDriver@4f19 (b64edc2b)][0m Replacing sessionId D58E350F-9940-4791-A1F1-8E02BFBD7FB1 with b64edc2b-dbe6-4544-868f-9d3e05a8c56c
[38;5;0m[HTTP][0m <-- POST /wd/hub/session/b64edc2b-dbe6-4544-868f-9d3e05a8c56c/element/A9000000-0000-0000-BA2C-000000000000/click 200 691 ms - 65
[38;5;0m[HTTP][0m 
[38;5;0m[HTTP][0m [37m-->[39m [37mPOST[39m [37m/wd/hub/session/b64edc2b-dbe6-4544-868f-9d3e05a8c56c/execute/sync[39m
[38;5;0m[HTTP][0m {"script":"mobile: source","args":[{"format":"xml","excludedAttributes":"visible"}]}
[38;5;0m[HTTP][0m <-- POST /wd/hub/session/b64edc2b-dbe6-4544-868f-9d3e05a8c56c/execute/sync 200 1202 ms - 39912
[38;5;0m[HTTP][0m 
[38;5;0m[HTTP][0m [37m-->[39m [37mGET[39m [37m/wd/hub/session/b64edc2b-dbe6-4544-868f-9d3e05a8c56c/screenshot[39m
[38;5;0m[HTTP][0m {}
[38;5;0m[HTTP][0m <-- GET /wd/hub/session/b64edc2b-dbe6-4544-868f-9d3e05a8c56c/screenshot 200 46 ms - 233844
[38;5;0m[HTTP][0m 
[38;5;0m[HTTP][0m [37m-->[39m [37mPOST[39m [37m/wd/hub/session/b64edc2b-dbe6-4544-868f-9d3e05a8c56c/element[39m
[38;5;0m[HTTP][0m {"using":"xpath","value":"//*[@type = 'XCUIElementTypePickerWheel' and @value = 'Not Set']"}
[38;5;0m[HTTP][0m <-- POST /wd/hub/session/b64edc2b-dbe6-4544-868f-9d3e05a8c56c/element 200 354 ms - 137
[38;5;0m[HTTP][0m 
[38;5;0m[HTTP][0m [37m-->[39m [37mGET[39m [37m/wd/hub/session/b64edc2b-dbe6-4544-868f-9d3e05a8c56c/window/rect[39m
[38;5;0m[HTTP][0m {}
[38;5;0m[HTTP][0m <-- GET /wd/hub/session/b64edc2b-dbe6-4544-868f-9d3e05a8c56c/window/rect 200 61 ms - 48
[38;5;0m[HTTP][0m 
[38;5;0m[HTTP][0m [37m-->[39m [37mPOST[39m [37m/wd/hub/session/b64edc2b-dbe6-4544-868f-9d3e05a8c56c/elements[39m
[38;5;0m[HTTP][0m {"using":"xpath","value":"//*[@type = 'XCUIElementTypePickerWheel' and @value = 'Not Set']"}
[38;5;0m[HTTP][0m <-- POST /wd/hub/session/b64edc2b-dbe6-4544-868f-9d3e05a8c56c/elements 200 336 ms - 139
[38;5;0m[HTTP][0m 
[38;5;0m[HTTP][0m [37m-->[39m [37mGET[39m [37m/wd/hub/session/b64edc2b-dbe6-4544-868f-9d3e05a8c56c/element/42010000-0000-0000-BA2C-000000000000/location[39m
[38;5;0m[HTTP][0m {}
[38;5;0m[HTTP][0m <-- GET /wd/hub/session/b64edc2b-dbe6-4544-868f-9d3e05a8c56c/element/42010000-0000-0000-BA2C-000000000000/location 200 36 ms - 25
[38;5;0m[HTTP][0m 
[38;5;0m[HTTP][0m [37m-->[39m [37mPOST[39m [37m/wd/hub/session/b64edc2b-dbe6-4544-868f-9d3e05a8c56c/element/42010000-0000-0000-BA2C-000000000000/value[39m
[38;5;0m[HTTP][0m {"id":"42010000-0000-0000-BA2C-000000000000","text":"Any","value":["A","n","y"]}
[38;5;0m[HTTP][0m <-- POST /wd/hub/session/b64edc2b-dbe6-4544-868f-9d3e05a8c56c/element/42010000-0000-0000-BA2C-000000000000/value 200 79 ms - 14
[38;5;0m[HTTP][0m 
[38;5;0m[HTTP][0m [37m-->[39m [37mPOST[39m [37m/wd/hub/session/b64edc2b-dbe6-4544-868f-9d3e05a8c56c/execute/sync[39m
[38;5;0m[HTTP][0m {"script":"mobile: source","args":[{"format":"xml","excludedAttributes":"visible"}]}
[38;5;0m[HTTP][0m <-- POST /wd/hub/session/b64edc2b-dbe6-4544-868f-9d3e05a8c56c/execute/sync 200 1207 ms - 39912
[38;5;0m[HTTP][0m 
[38;5;0m[HTTP][0m [37m-->[39m [37mGET[39m [37m/wd/hub/session/b64edc2b-dbe6-4544-868f-9d3e05a8c56c/screenshot[39m
[38;5;0m[HTTP][0m {}
[38;5;0m[HTTP][0m <-- GET /wd/hub/session/b64edc2b-dbe6-4544-868f-9d3e05a8c56c/screenshot 200 49 ms - 233360
[38;5;0m[HTTP][0m 
[38;5;0m[HTTP][0m [37m-->[39m [37mGET[39m [37m/wd/hub/session/b64edc2b-dbe6-4544-868f-9d3e05a8c56c/window/rect[39m
[38;5;0m[HTTP][0m {}
[38;5;0m[HTTP][0m <-- GET /wd/hub/session/b64edc2b-dbe6-4544-868f-9d3e05a8c56c/window/rect 200 62 ms - 48
[38;5;0m[HTTP][0m 
[38;5;0m[HTTP][0m [37m-->[39m [37mPOST[39m [37m/wd/hub/session/b64edc2b-dbe6-4544-868f-9d3e05a8c56c/elements[39m
[38;5;0m[HTTP][0m {"using":"xpath","value":"//*[@type = 'XCUIElementTypePickerWheel' and @value = 'Not Set']"}
[38;5;0m[HTTP][0m <-- POST /wd/hub/session/b64edc2b-dbe6-4544-868f-9d3e05a8c56c/elements 200 334 ms - 139
[38;5;0m[HTTP][0m 
[38;5;0m[HTTP][0m [37m-->[39m [37mGET[39m [37m/wd/hub/session/b64edc2b-dbe6-4544-868f-9d3e05a8c56c/element/42010000-0000-0000-BA2C-000000000000/location[39m
[38;5;0m[HTTP][0m {}
[38;5;0m[HTTP][0m <-- GET /wd/hub/session/b64edc2b-dbe6-4544-868f-9d3e05a8c56c/element/42010000-0000-0000-BA2C-000000000000/location 200 36 ms - 25
[38;5;0m[HTTP][0m 
[38;5;0m[HTTP][0m [37m-->[39m [37mPOST[39m [37m/wd/hub/session/b64edc2b-dbe6-4544-868f-9d3e05a8c56c/element/42010000-0000-0000-BA2C-000000000000/value[39m
[38;5;0m[HTTP][0m {"id":"42010000-0000-0000-BA2C-000000000000","text":"Male","value":["M","a","l","e"]}
[38;5;0m[HTTP][0m <-- POST /wd/hub/session/b64edc2b-dbe6-4544-868f-9d3e05a8c56c/element/42010000-0000-0000-BA2C-000000000000/value 200 93 ms - 14
[38;5;0m[HTTP][0m 
[38;5;0m[HTTP][0m [37m-->[39m [37mPOST[39m [37m/wd/hub/session/b64edc2b-dbe6-4544-868f-9d3e05a8c56c/execute/sync[39m
[38;5;0m[HTTP][0m {"script":"mobile: source","args":[{"format":"xml","excludedAttributes":"visible"}]}
[38;5;0m[HTTP][0m <-- POST /wd/hub/session/b64edc2b-dbe6-4544-868f-9d3e05a8c56c/execute/sync 200 1422 ms - 39905
[38;5;0m[HTTP][0m 
[38;5;0m[HTTP][0m [37m-->[39m [37mGET[39m [37m/wd/hub/session/b64edc2b-dbe6-4544-868f-9d3e05a8c56c/screenshot[39m
[38;5;0m[HTTP][0m {}
[38;5;0m[HTTP][0m <-- GET /wd/hub/session/b64edc2b-dbe6-4544-868f-9d3e05a8c56c/screenshot 200 47 ms - 233380
[38;5;0m[HTTP][0m 
[38;5;0m[HTTP][0m [37m-->[39m [37mGET[39m [37m/wd/hub/session/b64edc2b-dbe6-4544-868f-9d3e05a8c56c/window/rect[39m
[38;5;0m[HTTP][0m {}
[38;5;0m[HTTP][0m <-- GET /wd/hub/session/b64edc2b-dbe6-4544-868f-9d3e05a8c56c/window/rect 200 54 ms - 48
[38;5;0m[HTTP][0m 
[38;5;0m[HTTP][0m [37m-->[39m [37mPOST[39m [37m/wd/hub/session/b64edc2b-dbe6-4544-868f-9d3e05a8c56c/elements[39m
[38;5;0m[HTTP][0m {"using":"xpath","value":"//*[@type = 'XCUIElementTypeButton' and @label = 'Done' and @name = 'Done']"}
[38;5;0m[HTTP][0m <-- POST /wd/hub/session/b64edc2b-dbe6-4544-868f-9d3e05a8c56c/elements 200 435 ms - 139
[38;5;0m[HTTP][0m 
[38;5;0m[HTTP][0m [37m-->[39m [37mGET[39m [37m/wd/hub/session/b64edc2b-dbe6-4544-868f-9d3e05a8c56c/element/45010000-0000-0000-BA2C-000000000000/location[39m
[38;5;0m[HTTP][0m {}
[38;5;0m[HTTP][0m <-- GET /wd/hub/session/b64edc2b-dbe6-4544-868f-9d3e05a8c56c/element/45010000-0000-0000-BA2C-000000000000/location 200 36 ms - 27
[38;5;0m[HTTP][0m 
[38;5;0m[HTTP][0m [37m-->[39m [37mPOST[39m [37m/wd/hub/session/b64edc2b-dbe6-4544-868f-9d3e05a8c56c/element/45010000-0000-0000-BA2C-000000000000/click[39m
[38;5;0m[HTTP][0m {"id":"45010000-0000-0000-BA2C-000000000000"}
[38;5;48m[XCUITestDriver@4f19 (b64edc2b)][0m Driver proxy active, passing request on via HTTP proxy
[38;5;48m[XCUITestDriver@4f19 (b64edc2b)][0m Replacing sessionId D58E350F-9940-4791-A1F1-8E02BFBD7FB1 with b64edc2b-dbe6-4544-868f-9d3e05a8c56c
[38;5;0m[HTTP][0m <-- POST /wd/hub/session/b64edc2b-dbe6-4544-868f-9d3e05a8c56c/element/45010000-0000-0000-BA2C-000000000000/click 200 690 ms - 65
[38;5;0m[HTTP][0m 
[38;5;0m[HTTP][0m [37m-->[39m [37mPOST[39m [37m/wd/hub/session/b64edc2b-dbe6-4544-868f-9d3e05a8c56c/execute/sync[39m
[38;5;0m[HTTP][0m {"script":"mobile: source","args":[{"format":"xml","excludedAttributes":"visible"}]}
[38;5;0m[HTTP][0m <-- POST /wd/hub/session/b64edc2b-dbe6-4544-868f-9d3e05a8c56c/execute/sync 200 1193 ms - 35708
[38;5;0m[HTTP][0m 
[38;5;0m[HTTP][0m [37m-->[39m [37mGET[39m [37m/wd/hub/session/b64edc2b-dbe6-4544-868f-9d3e05a8c56c/screenshot[39m
[38;5;0m[HTTP][0m {}
[38;5;0m[HTTP][0m <-- GET /wd/hub/session/b64edc2b-dbe6-4544-868f-9d3e05a8c56c/screenshot 200 42 ms - 153056
[38;5;0m[HTTP][0m 
[38;5;0m[HTTP][0m [37m-->[39m [37mPOST[39m [37m/wd/hub/session/b64edc2b-dbe6-4544-868f-9d3e05a8c56c/element[39m
[38;5;0m[HTTP][0m {"using":"xpath","value":"//*[@type = 'XCUIElementTypeTextField' and @value = 'Optional']"}
[38;5;0m[HTTP][0m <-- POST /wd/hub/session/b64edc2b-dbe6-4544-868f-9d3e05a8c56c/element 200 317 ms - 137
[38;5;0m[HTTP][0m 
[38;5;0m[HTTP][0m [37m-->[39m [37mGET[39m [37m/wd/hub/session/b64edc2b-dbe6-4544-868f-9d3e05a8c56c/window/rect[39m
[38;5;0m[HTTP][0m {}
[38;5;0m[HTTP][0m <-- GET /wd/hub/session/b64edc2b-dbe6-4544-868f-9d3e05a8c56c/window/rect 200 32 ms - 48
[38;5;0m[HTTP][0m 
[38;5;0m[HTTP][0m [37m-->[39m [37mPOST[39m [37m/wd/hub/session/b64edc2b-dbe6-4544-868f-9d3e05a8c56c/elements[39m
[38;5;0m[HTTP][0m {"using":"xpath","value":"//*[@type = 'XCUIElementTypeTextField' and @value = 'Optional']"}
[38;5;0m[HTTP][0m <-- POST /wd/hub/session/b64edc2b-dbe6-4544-868f-9d3e05a8c56c/elements 200 326 ms - 267
[38;5;0m[HTTP][0m 
[38;5;0m[HTTP][0m [37m-->[39m [37mGET[39m [37m/wd/hub/session/b64edc2b-dbe6-4544-868f-9d3e05a8c56c/element/AE000000-0000-0000-BA2C-000000000000/location[39m
[38;5;0m[HTTP][0m {}
[38;5;0m[HTTP][0m <-- GET /wd/hub/session/b64edc2b-dbe6-4544-868f-9d3e05a8c56c/element/AE000000-0000-0000-BA2C-000000000000/location 200 33 ms - 27
[38;5;0m[HTTP][0m 
[38;5;0m[HTTP][0m [37m-->[39m [37mPOST[39m [37m/wd/hub/session/b64edc2b-dbe6-4544-868f-9d3e05a8c56c/element/AE000000-0000-0000-BA2C-000000000000/click[39m
[38;5;0m[HTTP][0m {"id":"AE000000-0000-0000-BA2C-000000000000"}
[38;5;48m[XCUITestDriver@4f19 (b64edc2b)][0m Driver proxy active, passing request on via HTTP proxy
[38;5;48m[XCUITestDriver@4f19 (b64edc2b)][0m Replacing sessionId D58E350F-9940-4791-A1F1-8E02BFBD7FB1 with b64edc2b-dbe6-4544-868f-9d3e05a8c56c
[38;5;0m[HTTP][0m <-- POST /wd/hub/session/b64edc2b-dbe6-4544-868f-9d3e05a8c56c/element/AE000000-0000-0000-BA2C-000000000000/click 200 709 ms - 65
[38;5;0m[HTTP][0m 
[38;5;0m[HTTP][0m [37m-->[39m [37mPOST[39m [37m/wd/hub/session/b64edc2b-dbe6-4544-868f-9d3e05a8c56c/execute/sync[39m
[38;5;0m[HTTP][0m {"script":"mobile: source","args":[{"format":"xml","excludedAttributes":"visible"}]}
[38;5;0m[HTTP][0m <-- POST /wd/hub/session/b64edc2b-dbe6-4544-868f-9d3e05a8c56c/execute/sync 200 2972 ms - 87755
[38;5;0m[HTTP][0m 
[38;5;0m[HTTP][0m [37m-->[39m [37mGET[39m [37m/wd/hub/session/b64edc2b-dbe6-4544-868f-9d3e05a8c56c/screenshot[39m
[38;5;0m[HTTP][0m {}
[38;5;0m[HTTP][0m <-- GET /wd/hub/session/b64edc2b-dbe6-4544-868f-9d3e05a8c56c/screenshot 200 46 ms - 227988
[38;5;0m[HTTP][0m 
[38;5;0m[HTTP][0m [37m-->[39m [37mGET[39m [37m/wd/hub/session/b64edc2b-dbe6-4544-868f-9d3e05a8c56c/window/rect[39m
[38;5;0m[HTTP][0m {}
[38;5;0m[HTTP][0m <-- GET /wd/hub/session/b64edc2b-dbe6-4544-868f-9d3e05a8c56c/window/rect 200 103 ms - 48
[38;5;0m[HTTP][0m 
[38;5;0m[HTTP][0m [37m-->[39m [37mPOST[39m [37m/wd/hub/session/b64edc2b-dbe6-4544-868f-9d3e05a8c56c/elements[39m
[38;5;0m[HTTP][0m {"using":"xpath","value":"//*[@type = 'XCUIElementTypeButton' and @label = 'Done' and @name = 'Done']"}
[38;5;0m[HTTP][0m <-- POST /wd/hub/session/b64edc2b-dbe6-4544-868f-9d3e05a8c56c/elements 200 1129 ms - 139
[38;5;0m[HTTP][0m 
[38;5;0m[HTTP][0m [37m-->[39m [37mGET[39m [37m/wd/hub/session/b64edc2b-dbe6-4544-868f-9d3e05a8c56c/element/DD010000-0000-0000-BA2C-000000000000/location[39m
[38;5;0m[HTTP][0m {}
[38;5;0m[HTTP][0m <-- GET /wd/hub/session/b64edc2b-dbe6-4544-868f-9d3e05a8c56c/element/DD010000-0000-0000-BA2C-000000000000/location 200 83 ms - 27
[38;5;0m[HTTP][0m 
[38;5;0m[HTTP][0m [37m-->[39m [37mPOST[39m [37m/wd/hub/session/b64edc2b-dbe6-4544-868f-9d3e05a8c56c/element/DD010000-0000-0000-BA2C-000000000000/click[39m
[38;5;0m[HTTP][0m {"id":"DD010000-0000-0000-BA2C-000000000000"}
[38;5;48m[XCUITestDriver@4f19 (b64edc2b)][0m Driver proxy active, passing request on via HTTP proxy
[38;5;48m[XCUITestDriver@4f19 (b64edc2b)][0m Replacing sessionId D58E350F-9940-4791-A1F1-8E02BFBD7FB1 with b64edc2b-dbe6-4544-868f-9d3e05a8c56c
[38;5;0m[HTTP][0m <-- POST /wd/hub/session/b64edc2b-dbe6-4544-868f-9d3e05a8c56c/element/DD010000-0000-0000-BA2C-000000000000/click 200 784 ms - 65
[38;5;0m[HTTP][0m 
[38;5;0m[HTTP][0m [37m-->[39m [37mPOST[39m [37m/wd/hub/session/b64edc2b-dbe6-4544-868f-9d3e05a8c56c/execute/sync[39m
[38;5;0m[HTTP][0m {"script":"mobile: source","args":[{"format":"xml","excludedAttributes":"visible"}]}
[38;5;0m[HTTP][0m <-- POST /wd/hub/session/b64edc2b-dbe6-4544-868f-9d3e05a8c56c/execute/sync 200 1074 ms - 35706
[38;5;0m[HTTP][0m 
[38;5;0m[HTTP][0m [37m-->[39m [37mGET[39m [37m/wd/hub/session/b64edc2b-dbe6-4544-868f-9d3e05a8c56c/screenshot[39m
[38;5;0m[HTTP][0m {}
[38;5;0m[HTTP][0m <-- GET /wd/hub/session/b64edc2b-dbe6-4544-868f-9d3e05a8c56c/screenshot 200 41 ms - 152876
[38;5;0m[HTTP][0m 
[38;5;0m[HTTP][0m [37m-->[39m [37mPOST[39m [37m/wd/hub/session/b64edc2b-dbe6-4544-868f-9d3e05a8c56c/element[39m
[38;5;0m[HTTP][0m {"using":"xpath","value":"//*[@type = 'XCUIElementTypeImage' and @label = 'medical id' and @name = 'medical id']"}
[38;5;0m[HTTP][0m <-- POST /wd/hub/session/b64edc2b-dbe6-4544-868f-9d3e05a8c56c/element 200 390 ms - 137
[38;5;0m[HTTP][0m 
[38;5;0m[HTTP][0m [37m-->[39m [37mGET[39m [37m/wd/hub/session/b64edc2b-dbe6-4544-868f-9d3e05a8c56c/window/rect[39m
[38;5;0m[HTTP][0m {}
[38;5;0m[HTTP][0m <-- GET /wd/hub/session/b64edc2b-dbe6-4544-868f-9d3e05a8c56c/window/rect 200 32 ms - 48
[38;5;0m[HTTP][0m 
[38;5;0m[HTTP][0m [37m-->[39m [37mPOST[39m [37m/wd/hub/session/b64edc2b-dbe6-4544-868f-9d3e05a8c56c/elements[39m
[38;5;0m[HTTP][0m {"using":"xpath","value":"//*[@type = 'XCUIElementTypeImage' and @label = 'medical id' and @name = 'medical id']"}
[38;5;0m[HTTP][0m <-- POST /wd/hub/session/b64edc2b-dbe6-4544-868f-9d3e05a8c56c/elements 200 376 ms - 139
[38;5;0m[HTTP][0m 
[38;5;0m[HTTP][0m [37m-->[39m [37mGET[39m [37m/wd/hub/session/b64edc2b-dbe6-4544-868f-9d3e05a8c56c/element/70000000-0000-0000-BA2C-000000000000/location[39m
[38;5;0m[HTTP][0m {}
[38;5;0m[HTTP][0m <-- GET /wd/hub/session/b64edc2b-dbe6-4544-868f-9d3e05a8c56c/element/70000000-0000-0000-BA2C-000000000000/location 200 34 ms - 27
[38;5;0m[HTTP][0m 
[38;5;0m[HTTP][0m [37m-->[39m [37mPOST[39m [37m/wd/hub/session/b64edc2b-dbe6-4544-868f-9d3e05a8c56c/element/70000000-0000-0000-BA2C-000000000000/click[39m
[38;5;0m[HTTP][0m {"id":"70000000-0000-0000-BA2C-000000000000"}
[38;5;48m[XCUITestDriver@4f19 (b64edc2b)][0m Driver proxy active, passing request on via HTTP proxy
[38;5;48m[XCUITestDriver@4f19 (b64edc2b)][0m Replacing sessionId D58E350F-9940-4791-A1F1-8E02BFBD7FB1 with b64edc2b-dbe6-4544-868f-9d3e05a8c56c
[38;5;0m[HTTP][0m <-- POST /wd/hub/session/b64edc2b-dbe6-4544-868f-9d3e05a8c56c/element/70000000-0000-0000-BA2C-000000000000/click 200 1648 ms - 65
[38;5;0m[HTTP][0m 
[38;5;0m[HTTP][0m [37m-->[39m [37mPOST[39m [37m/wd/hub/session/b64edc2b-dbe6-4544-868f-9d3e05a8c56c/execute/sync[39m
[38;5;0m[HTTP][0m {"script":"mobile: source","args":[{"format":"xml","excludedAttributes":"visible"}]}
[38;5;0m[HTTP][0m <-- POST /wd/hub/session/b64edc2b-dbe6-4544-868f-9d3e05a8c56c/execute/sync 200 1056 ms - 35387
[38;5;0m[HTTP][0m 
[38;5;0m[HTTP][0m [37m-->[39m [37mGET[39m [37m/wd/hub/session/b64edc2b-dbe6-4544-868f-9d3e05a8c56c/screenshot[39m
[38;5;0m[HTTP][0m {}
[38;5;0m[HTTP][0m <-- GET /wd/hub/session/b64edc2b-dbe6-4544-868f-9d3e05a8c56c/screenshot 200 42 ms - 158548
[38;5;0m[HTTP][0m 
[38;5;0m[HTTP][0m [37m-->[39m [37mGET[39m [37m/wd/hub/session/b64edc2b-dbe6-4544-868f-9d3e05a8c56c/window/rect[39m
[38;5;0m[HTTP][0m {}
[38;5;0m[HTTP][0m <-- GET /wd/hub/session/b64edc2b-dbe6-4544-868f-9d3e05a8c56c/window/rect 200 47 ms - 48
[38;5;0m[HTTP][0m 
[38;5;0m[HTTP][0m [37m-->[39m [37mPOST[39m [37m/wd/hub/session/b64edc2b-dbe6-4544-868f-9d3e05a8c56c/elements[39m
[38;5;0m[HTTP][0m {"using":"xpath","value":"//*[@type = 'XCUIElementTypeTextField' and @value = 'Optional']"}
[38;5;0m[HTTP][0m <-- POST /wd/hub/session/b64edc2b-dbe6-4544-868f-9d3e05a8c56c/elements 200 299 ms - 139
[38;5;0m[HTTP][0m 
[38;5;0m[HTTP][0m [37m-->[39m [37mGET[39m [37m/wd/hub/session/b64edc2b-dbe6-4544-868f-9d3e05a8c56c/element/B3000000-0000-0000-BA2C-000000000000/location[39m
[38;5;0m[HTTP][0m {}
[38;5;0m[HTTP][0m <-- GET /wd/hub/session/b64edc2b-dbe6-4544-868f-9d3e05a8c56c/element/B3000000-0000-0000-BA2C-000000000000/location 200 32 ms - 27
[38;5;0m[HTTP][0m 
[38;5;0m[HTTP][0m [37m-->[39m [37mPOST[39m [37m/wd/hub/session/b64edc2b-dbe6-4544-868f-9d3e05a8c56c/element/B3000000-0000-0000-BA2C-000000000000/click[39m
[38;5;0m[HTTP][0m {"id":"B3000000-0000-0000-BA2C-000000000000"}
[38;5;48m[XCUITestDriver@4f19 (b64edc2b)][0m Driver proxy active, passing request on via HTTP proxy
[38;5;48m[XCUITestDriver@4f19 (b64edc2b)][0m Replacing sessionId D58E350F-9940-4791-A1F1-8E02BFBD7FB1 with b64edc2b-dbe6-4544-868f-9d3e05a8c56c
[38;5;0m[HTTP][0m <-- POST /wd/hub/session/b64edc2b-dbe6-4544-868f-9d3e05a8c56c/element/B3000000-0000-0000-BA2C-000000000000/click 200 717 ms - 65
[38;5;0m[HTTP][0m 
[38;5;0m[HTTP][0m [37m-->[39m [37mPOST[39m [37m/wd/hub/session/b64edc2b-dbe6-4544-868f-9d3e05a8c56c/execute/sync[39m
[38;5;0m[HTTP][0m {"script":"mobile: source","args":[{"format":"xml","excludedAttributes":"visible"}]}
[38;5;0m[HTTP][0m <-- POST /wd/hub/session/b64edc2b-dbe6-4544-868f-9d3e05a8c56c/execute/sync 200 8607 ms - 252340
[38;5;0m[HTTP][0m 
[38;5;0m[HTTP][0m [37m-->[39m [37mGET[39m [37m/wd/hub/session/b64edc2b-dbe6-4544-868f-9d3e05a8c56c/screenshot[39m
[38;5;0m[HTTP][0m {}
[38;5;0m[HTTP][0m <-- GET /wd/hub/session/b64edc2b-dbe6-4544-868f-9d3e05a8c56c/screenshot 200 57 ms - 261596
[38;5;0m[HTTP][0m 
[38;5;0m[HTTP][0m [37m-->[39m [37mGET[39m [37m/wd/hub/session/b64edc2b-dbe6-4544-868f-9d3e05a8c56c/window/rect[39m
[38;5;0m[HTTP][0m {}
[38;5;0m[HTTP][0m <-- GET /wd/hub/session/b64edc2b-dbe6-4544-868f-9d3e05a8c56c/window/rect 200 260 ms - 48
[38;5;0m[HTTP][0m 
[38;5;0m[HTTP][0m [37m-->[39m [37mPOST[39m [37m/wd/hub/session/b64edc2b-dbe6-4544-868f-9d3e05a8c56c/elements[39m
[38;5;0m[HTTP][0m {"using":"xpath","value":"//*[@type = 'XCUIElementTypeButton' and @label = 'Done' and @name = 'Done']"}
[38;5;0m[HTTP][0m <-- POST /wd/hub/session/b64edc2b-dbe6-4544-868f-9d3e05a8c56c/elements 200 3700 ms - 139
[38;5;0m[HTTP][0m 
[38;5;0m[HTTP][0m [37m-->[39m [37mGET[39m [37m/wd/hub/session/b64edc2b-dbe6-4544-868f-9d3e05a8c56c/element/640B0000-0000-0000-BA2C-000000000000/location[39m
[38;5;0m[HTTP][0m {}
[38;5;0m[HTTP][0m <-- GET /wd/hub/session/b64edc2b-dbe6-4544-868f-9d3e05a8c56c/element/640B0000-0000-0000-BA2C-000000000000/location 200 255 ms - 27
[38;5;0m[HTTP][0m 
[38;5;0m[HTTP][0m [37m-->[39m [37mPOST[39m [37m/wd/hub/session/b64edc2b-dbe6-4544-868f-9d3e05a8c56c/element/640B0000-0000-0000-BA2C-000000000000/click[39m
[38;5;0m[HTTP][0m {"id":"640B0000-0000-0000-BA2C-000000000000"}
[38;5;48m[XCUITestDriver@4f19 (b64edc2b)][0m Driver proxy active, passing request on via HTTP proxy
[38;5;48m[XCUITestDriver@4f19 (b64edc2b)][0m Replacing sessionId D58E350F-9940-4791-A1F1-8E02BFBD7FB1 with b64edc2b-dbe6-4544-868f-9d3e05a8c56c
[38;5;0m[HTTP][0m <-- POST /wd/hub/session/b64edc2b-dbe6-4544-868f-9d3e05a8c56c/element/640B0000-0000-0000-BA2C-000000000000/click 200 1129 ms - 65
[38;5;0m[HTTP][0m 
[38;5;0m[HTTP][0m [37m-->[39m [37mPOST[39m [37m/wd/hub/session/b64edc2b-dbe6-4544-868f-9d3e05a8c56c/execute/sync[39m
[38;5;0m[HTTP][0m {"script":"mobile: source","args":[{"format":"xml","excludedAttributes":"visible"}]}
[38;5;0m[HTTP][0m <-- POST /wd/hub/session/b64edc2b-dbe6-4544-868f-9d3e05a8c56c/execute/sync 200 1032 ms - 35384
[38;5;0m[HTTP][0m 
[38;5;0m[HTTP][0m [37m-->[39m [37mGET[39m [37m/wd/hub/session/b64edc2b-dbe6-4544-868f-9d3e05a8c56c/screenshot[39m
[38;5;0m[HTTP][0m {}
[38;5;0m[HTTP][0m <-- GET /wd/hub/session/b64edc2b-dbe6-4544-868f-9d3e05a8c56c/screenshot 200 44 ms - 157840
[38;5;0m[HTTP][0m 
[38;5;0m[HTTP][0m [37m-->[39m [37mPOST[39m [37m/wd/hub/session/b64edc2b-dbe6-4544-868f-9d3e05a8c56c/element[39m
[38;5;0m[HTTP][0m {"using":"xpath","value":"//*[@type = 'XCUIElementTypeStaticText' and @label = 'Next' and @name = 'Next' and @value = 'Next']"}
[38;5;0m[HTTP][0m <-- POST /wd/hub/session/b64edc2b-dbe6-4544-868f-9d3e05a8c56c/element 200 477 ms - 137
[38;5;0m[HTTP][0m 
[38;5;0m[HTTP][0m [37m-->[39m [37mGET[39m [37m/wd/hub/session/b64edc2b-dbe6-4544-868f-9d3e05a8c56c/window/rect[39m
[38;5;0m[HTTP][0m {}
[38;5;0m[HTTP][0m <-- GET /wd/hub/session/b64edc2b-dbe6-4544-868f-9d3e05a8c56c/window/rect 200 29 ms - 48
[38;5;0m[HTTP][0m 
[38;5;0m[HTTP][0m [37m-->[39m [37mPOST[39m [37m/wd/hub/session/b64edc2b-dbe6-4544-868f-9d3e05a8c56c/elements[39m
[38;5;0m[HTTP][0m {"using":"xpath","value":"//*[@type = 'XCUIElementTypeStaticText' and @label = 'Next' and @name = 'Next' and @value = 'Next']"}
[38;5;0m[HTTP][0m <-- POST /wd/hub/session/b64edc2b-dbe6-4544-868f-9d3e05a8c56c/elements 200 471 ms - 139
[38;5;0m[HTTP][0m 
[38;5;0m[HTTP][0m [37m-->[39m [37mGET[39m [37m/wd/hub/session/b64edc2b-dbe6-4544-868f-9d3e05a8c56c/element/B5000000-0000-0000-BA2C-000000000000/location[39m
[38;5;0m[HTTP][0m {}
[38;5;0m[HTTP][0m <-- GET /wd/hub/session/b64edc2b-dbe6-4544-868f-9d3e05a8c56c/element/B5000000-0000-0000-BA2C-000000000000/location 200 33 ms - 27
[38;5;0m[HTTP][0m 
[38;5;0m[HTTP][0m [37m-->[39m [37mPOST[39m [37m/wd/hub/session/b64edc2b-dbe6-4544-868f-9d3e05a8c56c/element/B5000000-0000-0000-BA2C-000000000000/click[39m
[38;5;0m[HTTP][0m {"id":"B5000000-0000-0000-BA2C-000000000000"}
[38;5;48m[XCUITestDriver@4f19 (b64edc2b)][0m Driver proxy active, passing request on via HTTP proxy
[38;5;48m[XCUITestDriver@4f19 (b64edc2b)][0m Replacing sessionId D58E350F-9940-4791-A1F1-8E02BFBD7FB1 with b64edc2b-dbe6-4544-868f-9d3e05a8c56c
[38;5;0m[HTTP][0m <-- POST /wd/hub/session/b64edc2b-dbe6-4544-868f-9d3e05a8c56c/element/B5000000-0000-0000-BA2C-000000000000/click 200 747 ms - 65
[38;5;0m[HTTP][0m 
[38;5;0m[HTTP][0m [37m-->[39m [37mPOST[39m [37m/wd/hub/session/b64edc2b-dbe6-4544-868f-9d3e05a8c56c/execute/sync[39m
[38;5;0m[HTTP][0m {"script":"mobile: source","args":[{"format":"xml","excludedAttributes":"visible"}]}
[38;5;0m[HTTP][0m <-- POST /wd/hub/session/b64edc2b-dbe6-4544-868f-9d3e05a8c56c/execute/sync 200 1049 ms - 31151
[38;5;0m[HTTP][0m 
[38;5;0m[HTTP][0m [37m-->[39m [37mGET[39m [37m/wd/hub/session/b64edc2b-dbe6-4544-868f-9d3e05a8c56c/screenshot[39m
[38;5;0m[HTTP][0m {}
[38;5;0m[HTTP][0m <-- GET /wd/hub/session/b64edc2b-dbe6-4544-868f-9d3e05a8c56c/screenshot 200 40 ms - 131204
[38;5;0m[HTTP][0m 
[38;5;0m[HTTP][0m [37m-->[39m [37mPOST[39m [37m/wd/hub/session/b64edc2b-dbe6-4544-868f-9d3e05a8c56c/element[39m
[38;5;0m[HTTP][0m {"using":"xpath","value":"//*[@type = 'XCUIElementTypeSwitch' and @label = 'Trends, Receive a notification when there’s a new trend in your Health data.' and @name = 'UIA.Health.FeatureEnablement.Trend.Switch' and @value = '1']"}
[38;5;0m[HTTP][0m <-- POST /wd/hub/session/b64edc2b-dbe6-4544-868f-9d3e05a8c56c/element 200 533 ms - 137
[38;5;0m[HTTP][0m 
[38;5;0m[HTTP][0m [37m-->[39m [37mGET[39m [37m/wd/hub/session/b64edc2b-dbe6-4544-868f-9d3e05a8c56c/window/rect[39m
[38;5;0m[HTTP][0m {}
[38;5;0m[HTTP][0m <-- GET /wd/hub/session/b64edc2b-dbe6-4544-868f-9d3e05a8c56c/window/rect 200 29 ms - 48
[38;5;0m[HTTP][0m 
[38;5;0m[HTTP][0m [37m-->[39m [37mPOST[39m [37m/wd/hub/session/b64edc2b-dbe6-4544-868f-9d3e05a8c56c/elements[39m
[38;5;0m[HTTP][0m {"using":"xpath","value":"//*[@type = 'XCUIElementTypeSwitch' and @label = 'Trends, Receive a notification when there’s a new trend in your Health data.' and @name = 'UIA.Health.FeatureEnablement.Trend.Switch' and @value = '1']"}
[38;5;0m[HTTP][0m <-- POST /wd/hub/session/b64edc2b-dbe6-4544-868f-9d3e05a8c56c/elements 200 391 ms - 139
[38;5;0m[HTTP][0m 
[38;5;0m[HTTP][0m [37m-->[39m [37mGET[39m [37m/wd/hub/session/b64edc2b-dbe6-4544-868f-9d3e05a8c56c/element/96340000-0000-0000-BA2C-000000000000/location[39m
[38;5;0m[HTTP][0m {}
[38;5;0m[HTTP][0m <-- GET /wd/hub/session/b64edc2b-dbe6-4544-868f-9d3e05a8c56c/element/96340000-0000-0000-BA2C-000000000000/location 200 30 ms - 27
[38;5;0m[HTTP][0m 
[38;5;0m[HTTP][0m [37m-->[39m [37mPOST[39m [37m/wd/hub/session/b64edc2b-dbe6-4544-868f-9d3e05a8c56c/element/96340000-0000-0000-BA2C-000000000000/click[39m
[38;5;0m[HTTP][0m {"id":"96340000-0000-0000-BA2C-000000000000"}
[38;5;48m[XCUITestDriver@4f19 (b64edc2b)][0m Driver proxy active, passing request on via HTTP proxy
[38;5;48m[XCUITestDriver@4f19 (b64edc2b)][0m Replacing sessionId D58E350F-9940-4791-A1F1-8E02BFBD7FB1 with b64edc2b-dbe6-4544-868f-9d3e05a8c56c
[38;5;0m[HTTP][0m <-- POST /wd/hub/session/b64edc2b-dbe6-4544-868f-9d3e05a8c56c/element/96340000-0000-0000-BA2C-000000000000/click 200 362 ms - 65
[38;5;0m[HTTP][0m 
[38;5;0m[HTTP][0m [37m-->[39m [37mPOST[39m [37m/wd/hub/session/b64edc2b-dbe6-4544-868f-9d3e05a8c56c/execute/sync[39m
[38;5;0m[HTTP][0m {"script":"mobile: source","args":[{"format":"xml","excludedAttributes":"visible"}]}
[38;5;0m[HTTP][0m <-- POST /wd/hub/session/b64edc2b-dbe6-4544-868f-9d3e05a8c56c/execute/sync 200 852 ms - 30973
[38;5;0m[HTTP][0m 
[38;5;0m[HTTP][0m [37m-->[39m [37mGET[39m [37m/wd/hub/session/b64edc2b-dbe6-4544-868f-9d3e05a8c56c/screenshot[39m
[38;5;0m[HTTP][0m {}
[38;5;0m[HTTP][0m <-- GET /wd/hub/session/b64edc2b-dbe6-4544-868f-9d3e05a8c56c/screenshot 200 41 ms - 130412
[38;5;0m[HTTP][0m 
[38;5;0m[HTTP][0m [37m-->[39m [37mPOST[39m [37m/wd/hub/session/b64edc2b-dbe6-4544-868f-9d3e05a8c56c/element[39m
[38;5;0m[HTTP][0m {"using":"xpath","value":"//*[@type = 'XCUIElementTypeStaticText' and @label = 'Continue' and @name = 'Continue' and @value = 'Continue']"}
[38;5;0m[HTTP][0m <-- POST /wd/hub/session/b64edc2b-dbe6-4544-868f-9d3e05a8c56c/element 200 403 ms - 137
[38;5;0m[HTTP][0m 
[38;5;0m[HTTP][0m [37m-->[39m [37mGET[39m [37m/wd/hub/session/b64edc2b-dbe6-4544-868f-9d3e05a8c56c/window/rect[39m
[38;5;0m[HTTP][0m {}
[38;5;0m[HTTP][0m <-- GET /wd/hub/session/b64edc2b-dbe6-4544-868f-9d3e05a8c56c/window/rect 200 26 ms - 48
[38;5;0m[HTTP][0m 
[38;5;0m[HTTP][0m [37m-->[39m [37mPOST[39m [37m/wd/hub/session/b64edc2b-dbe6-4544-868f-9d3e05a8c56c/elements[39m
[38;5;0m[HTTP][0m {"using":"xpath","value":"//*[@type = 'XCUIElementTypeStaticText' and @label = 'Continue' and @name = 'Continue' and @value = 'Continue']"}
[38;5;0m[HTTP][0m <-- POST /wd/hub/session/b64edc2b-dbe6-4544-868f-9d3e05a8c56c/elements 200 410 ms - 139
[38;5;0m[HTTP][0m 
[38;5;0m[HTTP][0m [37m-->[39m [37mGET[39m [37m/wd/hub/session/b64edc2b-dbe6-4544-868f-9d3e05a8c56c/element/9C340000-0000-0000-BA2C-000000000000/location[39m
[38;5;0m[HTTP][0m {}
[38;5;0m[HTTP][0m <-- GET /wd/hub/session/b64edc2b-dbe6-4544-868f-9d3e05a8c56c/element/9C340000-0000-0000-BA2C-000000000000/location 200 32 ms - 27
[38;5;0m[HTTP][0m 
[38;5;0m[HTTP][0m [37m-->[39m [37mPOST[39m [37m/wd/hub/session/b64edc2b-dbe6-4544-868f-9d3e05a8c56c/element/9C340000-0000-0000-BA2C-000000000000/click[39m
[38;5;0m[HTTP][0m {"id":"9C340000-0000-0000-BA2C-000000000000"}
[38;5;48m[XCUITestDriver@4f19 (b64edc2b)][0m Driver proxy active, passing request on via HTTP proxy
[38;5;48m[XCUITestDriver@4f19 (b64edc2b)][0m Replacing sessionId D58E350F-9940-4791-A1F1-8E02BFBD7FB1 with b64edc2b-dbe6-4544-868f-9d3e05a8c56c
[38;5;0m[HTTP][0m <-- POST /wd/hub/session/b64edc2b-dbe6-4544-868f-9d3e05a8c56c/element/9C340000-0000-0000-BA2C-000000000000/click 200 353 ms - 65
[38;5;0m[HTTP][0m 
[38;5;0m[HTTP][0m [37m-->[39m [37mPOST[39m [37m/wd/hub/session/b64edc2b-dbe6-4544-868f-9d3e05a8c56c/execute/sync[39m
[38;5;0m[HTTP][0m {"script":"mobile: source","args":[{"format":"xml","excludedAttributes":"visible"}]}
[38;5;0m[HTTP][0m <-- POST /wd/hub/session/b64edc2b-dbe6-4544-868f-9d3e05a8c56c/execute/sync 200 853 ms - 30677
[38;5;0m[HTTP][0m 
[38;5;0m[HTTP][0m [37m-->[39m [37mGET[39m [37m/wd/hub/session/b64edc2b-dbe6-4544-868f-9d3e05a8c56c/screenshot[39m
[38;5;0m[HTTP][0m {}
[38;5;0m[HTTP][0m <-- GET /wd/hub/session/b64edc2b-dbe6-4544-868f-9d3e05a8c56c/screenshot 200 48 ms - 306440
[38;5;0m[HTTP][0m 
[38;5;0m[HTTP][0m [37m-->[39m [37mPOST[39m [37m/wd/hub/session/b64edc2b-dbe6-4544-868f-9d3e05a8c56c/execute/sync[39m
[38;5;0m[HTTP][0m {"script":"mobile: source","args":[{"format":"xml","excludedAttributes":"visible"}]}
[38;5;0m[HTTP][0m <-- POST /wd/hub/session/b64edc2b-dbe6-4544-868f-9d3e05a8c56c/execute/sync 200 616 ms - 22475
[38;5;0m[HTTP][0m 
[38;5;0m[HTTP][0m [37m-->[39m [37mGET[39m [37m/wd/hub/session/b64edc2b-dbe6-4544-868f-9d3e05a8c56c/screenshot[39m
[38;5;0m[HTTP][0m {}
[38;5;0m[HTTP][0m <-- GET /wd/hub/session/b64edc2b-dbe6-4544-868f-9d3e05a8c56c/screenshot 200 47 ms - 333968
[38;5;0m[HTTP][0m 
[38;5;0m[HTTP][0m [37m-->[39m [37mDELETE[39m [37m/wd/hub/session/b64edc2b-dbe6-4544-868f-9d3e05a8c56c[39m
[38;5;0m[HTTP][0m {}
[38;5;16m[AppiumDriver@6022][0m Removing session b64edc2b-dbe6-4544-868f-9d3e05a8c56c from our master session list
[38;5;128m[DevCon Factory][0m Releasing connections for E8D2611E-6DAC-4E9B-AE5C-EC4B4896B9C4 device on any port number
[38;5;128m[DevCon Factory][0m Found cached connections to release: ["E8D2611E-6DAC-4E9B-AE5C-EC4B4896B9C4:52943"]
[38;5;0m[HTTP][0m <-- DELETE /wd/hub/session/b64edc2b-dbe6-4544-868f-9d3e05a8c56c 200 1046 ms - 14
[38;5;0m[HTTP][0m 
[Appium] Received SIGTERM - shutting down
[38;5;0m[HTTP][0m Waiting until the server is closed
[38;5;0m[HTTP][0m Received server close event
                                                                                                                                                                                                                                                                                                                                                                                                                                                                                                                                                                                                                                                                                                                                                                                                                                                                                                                                                                                                                                                                                                                                                                                                                                                                                                                                                 [38;5;48m[XCUITestDriver@cce3 (5dd8f165)][0m Shutting down because we waited 1800 seconds for a command
[38;5;16m[AppiumDriver@b289][0m Ending session, cause was 'New Command Timeout of 1800 seconds expired. Try customizing the timeout using the 'newCommandTimeout' desired capability'
[38;5;16m[AppiumDriver@b289][0m Removing session '5dd8f165-b778-4d80-84a6-74600ed35817' from our master session list
[38;5;128m[DevCon Factory][0m Releasing connections for E8D2611E-6DAC-4E9B-AE5C-EC4B4896B9C4 device on any port number
[38;5;128m[DevCon Factory][0m Found cached connections to release: ["E8D2611E-6DAC-4E9B-AE5C-EC4B4896B9C4:51707"]
